#
# A fatal error has been detected by the Java Runtime Environment:
#
#  EXCEPTION_ACCESS_VIOLATION (0xc0000005) at pc=0x00007ffb5c0e3936, pid=16176, tid=8364
#
# JRE version: Java(TM) SE Runtime Environment 18.9 (11.0.7+8) (build 11.0.7+8-LTS)
# Java VM: Java HotSpot(TM) 64-Bit Server VM 18.9 (11.0.7+8-LTS, mixed mode, tiered, compressed oops, g1 gc, windows-amd64)
# Problematic frame:
# V  [jvm.dll+0x6f3936]
#
# No core dump will be written. Minidumps are not enabled by default on client versions of Windows
#
# If you would like to submit a bug report, please visit:
#   https://bugreport.java.com/bugreport/crash.jsp
#

---------------  S U M M A R Y ------------

Command Line: -Dcom.sun.management.jmxremote -Dcom.sun.management.jmxremote.port=63246 -Dcom.sun.management.jmxremote.authenticate=false -Dcom.sun.management.jmxremote.ssl=false -Djava.rmi.server.hostname=localhost -Dspring.jmx.enabled=true -Dspring.application.admin.enabled=true -Xverify:none -XX:TieredStopAtLevel=1 -Dfile.encoding=UTF-8 com.mcexpress.McexpressxApplication --spring.output.ansi.enabled=always

Host: Intel(R) Core(TM) i5-6400 CPU @ 2.70GHz, 4 cores, 7G,  Windows 10 , 64 bit Build 19041 (10.0.19041.292)
Time: Thu Oct  1 15:25:01 2020 Hora oficial do Brasil elapsed time: 1 seconds (0d 0h 0m 1s)

---------------  T H R E A D  ---------------

Current thread (0x00000181a92ea000):  WatcherThread [stack: 0x0000002beb300000,0x0000002beb400000] [id=8364]

Stack: [0x0000002beb300000,0x0000002beb400000],  sp=0x0000002beb3ff700,  free space=1021k
Native frames: (J=compiled Java code, j=interpreted, Vv=VM code, C=native code)
V  [jvm.dll+0x6f3936]
V  [jvm.dll+0x73fc7d]
V  [jvm.dll+0x765fe9]
V  [jvm.dll+0x75e875]
V  [jvm.dll+0x660b26]
C  [ucrtbase.dll+0x214c2]
C  [KERNEL32.DLL+0x16fd4]
C  [ntdll.dll+0x4cec1]


siginfo: EXCEPTION_ACCESS_VIOLATION (0xc0000005), reading address 0x0000000400000003


Register to memory mapping:

RIP=0x00007ffb5c0e3936 jvm.dll
RAX=0x0000000400000003 is an unknown value
RBX=0x0 is NULL
RCX=0x00000181a92d0b60 points into unknown readable memory: e8 4a 2f 5c fb 7f 00 00
RDX=0x000000000000003e is an unknown value
RSP=0x0000002beb3ff700 points into unknown readable memory: 00 a0 2e a9 81 01 00 00
RBP=0x0000000000000002 is an unknown value
RSI=0x00000181a925bf00 points into unknown readable memory: 03 00 00 00 04 00 00 00
RDI=0x0000000000000001 is an unknown value
R8 =0x0 is NULL
R9 =0x0000018191450b80 is at begin+0 in a stub
StubRoutines::atomic_cmpxchg_long [0x0000018191450b80, 0x0000018191450b89[ (9 bytes)
R10=0x00000000546c6148 is an unknown value
R11=0x0000021b94a281c9 is an unknown value
R12=0x0 is NULL
R13=0x00000181a92ea000 points into unknown readable memory: 18 92 2f 5c fb 7f 00 00
R14=0x000000000000003e is an unknown value
R15=0x00000181a92e8b30 points into unknown readable memory: 00 00 00 00 00 00 00 00


Registers:
RAX=0x0000000400000003, RBX=0x0000000000000000, RCX=0x00000181a92d0b60, RDX=0x000000000000003e
RSP=0x0000002beb3ff700, RBP=0x0000000000000002, RSI=0x00000181a925bf00, RDI=0x0000000000000001
R8 =0x0000000000000000, R9 =0x0000018191450b80, R10=0x00000000546c6148, R11=0x0000021b94a281c9
R12=0x0000000000000000, R13=0x00000181a92ea000, R14=0x000000000000003e, R15=0x00000181a92e8b30
RIP=0x00007ffb5c0e3936, EFLAGS=0x0000000000010246

Top of Stack: (sp=0x0000002beb3ff700)
0x0000002beb3ff700:   00000181a92ea000 00000181a92ea000
0x0000002beb3ff710:   00032604f503aa70 00007ffb5c0242d9
0x0000002beb3ff720:   00007ffb5c49abc8 00007ffb5c12fc7d
0x0000002beb3ff730:   00000181890abbb0 00000181890abbb0
0x0000002beb3ff740:   00000181890abbb0 431bde82d7b634db
0x0000002beb3ff750:   00000181a92e8b30 00032604f503aa70
0x0000002beb3ff760:   00000181890abbb0 00007ffb5c155fe9
0x0000002beb3ff770:   0000000000000001 000000000000003e
0x0000002beb3ff780:   0000000000000032 0000000000000002
0x0000002beb3ff790:   0000000000000000 0000000000000000
0x0000002beb3ff7a0:   0000000000000000 0000000000000000
0x0000002beb3ff7b0:   0000000000000000 0000000000000000
0x0000002beb3ff7c0:   0000000000000000 0000000000000000
0x0000002beb3ff7d0:   00000181a92ea000 0000000000000000
0x0000002beb3ff7e0:   0000000000100000 0000002beb3ffa30
0x0000002beb3ff7f0:   0000002beb300000 00007ffb5c14e875 

Instructions: (pc=0x00007ffb5c0e3936)
0x00007ffb5c0e3916:   cc cc cc cc cc cc cc cc cc cc 48 89 5c 24 10 56
0x00007ffb5c0e3926:   48 83 ec 20 48 8b 35 67 23 3b 00 33 db 48 8b 06
0x00007ffb5c0e3936:   39 18 7e 27 48 89 7c 24 30 8b fb 48 8b 40 18 48
0x00007ffb5c0e3946:   8b 0c 07 48 8b 01 ff 50 08 48 8b 06 48 8d 7f 08 


Stack slot to memory mapping:
stack at sp + 0 slots: 0x00000181a92ea000 points into unknown readable memory: 18 92 2f 5c fb 7f 00 00
stack at sp + 1 slots: 0x00000181a92ea000 points into unknown readable memory: 18 92 2f 5c fb 7f 00 00
stack at sp + 2 slots: 0x00032604f503aa70 is an unknown value
stack at sp + 3 slots: 0x00007ffb5c0242d9 jvm.dll
stack at sp + 4 slots: 0x00007ffb5c49abc8 jvm.dll
stack at sp + 5 slots: 0x00007ffb5c12fc7d jvm.dll
stack at sp + 6 slots: 0x00000181890abbb0 points into unknown readable memory: 01 00 00 00 00 00 00 00
stack at sp + 7 slots: 0x00000181890abbb0 points into unknown readable memory: 01 00 00 00 00 00 00 00


---------------  P R O C E S S  ---------------

Threads class SMR info:
_java_thread_list=0x00000181a9674730, length=14, elements={
0x00000181890ad000, 0x00000181a7cee800, 0x00000181a7cf9000, 0x00000181a7d4a800,
0x00000181a7d4b800, 0x00000181a7d4c800, 0x00000181a7d5f800, 0x00000181a7485800,
0x00000181a7f94800, 0x00000181a92c0000, 0x00000181a928e000, 0x00000181a92db000,
0x00000181a96a0800, 0x00000181a96a1000
}

Java Threads: ( => current thread )
  0x00000181890ad000 JavaThread "main" [_thread_blocked, id=10860, stack(0x0000002be9f00000,0x0000002bea000000)]
  0x00000181a7cee800 JavaThread "Reference Handler" daemon [_thread_blocked, id=16680, stack(0x0000002bea600000,0x0000002bea700000)]
  0x00000181a7cf9000 JavaThread "Finalizer" daemon [_thread_blocked, id=16144, stack(0x0000002bea700000,0x0000002bea800000)]
  0x00000181a7d4a800 JavaThread "Signal Dispatcher" daemon [_thread_blocked, id=13988, stack(0x0000002bea800000,0x0000002bea900000)]
  0x00000181a7d4b800 JavaThread "Attach Listener" daemon [_thread_blocked, id=10852, stack(0x0000002bea900000,0x0000002beaa00000)]
  0x00000181a7d4c800 JavaThread "C1 CompilerThread0" daemon [_thread_blocked, id=16516, stack(0x0000002beaa00000,0x0000002beab00000)]
  0x00000181a7d5f800 JavaThread "Sweeper thread" daemon [_thread_blocked, id=11420, stack(0x0000002beab00000,0x0000002beac00000)]
  0x00000181a7485800 JavaThread "Common-Cleaner" daemon [_thread_blocked, id=1776, stack(0x0000002beac00000,0x0000002bead00000)]
  0x00000181a7f94800 JavaThread "Service Thread" daemon [_thread_blocked, id=16272, stack(0x0000002bead00000,0x0000002beae00000)]
  0x00000181a92c0000 JavaThread "RMI TCP Accept-0" daemon [_thread_in_native, id=14028, stack(0x0000002beb000000,0x0000002beb100000)]
  0x00000181a928e000 JavaThread "RMI TCP Accept-63246" daemon [_thread_in_native, id=9108, stack(0x0000002beb100000,0x0000002beb200000)]
  0x00000181a92db000 JavaThread "RMI TCP Accept-0" daemon [_thread_in_native, id=18292, stack(0x0000002beb200000,0x0000002beb300000)]
  0x00000181a96a0800 JavaThread "Thread-0" [_thread_blocked, id=5268, stack(0x0000002beb400000,0x0000002beb500000)]
  0x00000181a96a1000 JavaThread "restartedMain" [_thread_in_native, id=3656, stack(0x0000002beb500000,0x0000002beb600000)]

Other Threads:
  0x00000181a7cc9800 VMThread "VM Thread" [stack: 0x0000002bea500000,0x0000002bea600000] [id=7180]
=>0x00000181a92ea000 WatcherThread [stack: 0x0000002beb300000,0x0000002beb400000] [id=8364]
  0x00000181890c1800 GCTaskThread "GC Thread#0" [stack: 0x0000002bea000000,0x0000002bea100000] [id=11064]
  0x00000181a8da0800 GCTaskThread "GC Thread#1" [stack: 0x0000002beae00000,0x0000002beaf00000] [id=10956]
  0x00000181a8da1000 GCTaskThread "GC Thread#2" [stack: 0x0000002beaf00000,0x0000002beb000000] [id=3556]
  0x00000181890f4800 ConcurrentGCThread "G1 Main Marker" [stack: 0x0000002bea100000,0x0000002bea200000] [id=14876]
  0x00000181890f6800 ConcurrentGCThread "G1 Conc#0" [stack: 0x0000002bea200000,0x0000002bea300000] [id=18360]
  0x00000181a7330000 ConcurrentGCThread "G1 Refine#0" [stack: 0x0000002bea300000,0x0000002bea400000] [id=18164]
  0x00000181a7331000 ConcurrentGCThread "G1 Young RemSet Sampling" [stack: 0x0000002bea400000,0x0000002bea500000] [id=2592]

Threads with active compile tasks:

VM state:not at safepoint (normal execution)

VM Mutex/Monitor currently owned by a thread:  ([mutex/lock_event])
[0x00000181890abbb0] PeriodicTask_lock - owner thread: 0x00000181a92ea000

Heap address: 0x0000000081800000, size: 2024 MB, Compressed Oops mode: 32-bit
Narrow klass base: 0x0000000000000000, Narrow klass shift: 3
Compressed class space size: 1073741824 Address: 0x0000000100000000

Heap:
 garbage-first heap   total 131072K, used 41678K [0x0000000081800000, 0x0000000100000000)
  region size 1024K, 23 young (23552K), 1 survivors (1024K)
 Metaspace       used 14425K, capacity 14778K, committed 14976K, reserved 1062912K
  class space    used 1527K, capacity 1655K, committed 1664K, reserved 1048576K
Heap Regions: E=young(eden), S=young(survivor), O=old, HS=humongous(starts), HC=humongous(continues), CS=collection set, F=free, A=archive, TAMS=top-at-mark-start (previous, next)
|   0|0x0000000081800000, 0x0000000081900000, 0x0000000081900000|100%|HS|  |TAMS 0x0000000081800000, 0x0000000081800000| Complete 
|   1|0x0000000081900000, 0x0000000081a00000, 0x0000000081a00000|100%| O|  |TAMS 0x0000000081900000, 0x0000000081900000| Untracked 
|   2|0x0000000081a00000, 0x0000000081b00000, 0x0000000081b00000|100%| O|  |TAMS 0x0000000081a00000, 0x0000000081a00000| Untracked 
|   3|0x0000000081b00000, 0x0000000081c00000, 0x0000000081c00000|100%| O|  |TAMS 0x0000000081b00000, 0x0000000081b00000| Untracked 
|   4|0x0000000081c00000, 0x0000000081d00000, 0x0000000081d00000|100%| O|  |TAMS 0x0000000081c00000, 0x0000000081c00000| Untracked 
|   5|0x0000000081d00000, 0x0000000081e00000, 0x0000000081e00000|100%| O|  |TAMS 0x0000000081d00000, 0x0000000081d00000| Untracked 
|   6|0x0000000081e00000, 0x0000000081f00000, 0x0000000081f00000|100%| O|  |TAMS 0x0000000081e00000, 0x0000000081e00000| Untracked 
|   7|0x0000000081f00000, 0x0000000082000000, 0x0000000082000000|100%| O|  |TAMS 0x0000000081f00000, 0x0000000081f00000| Untracked 
|   8|0x0000000082000000, 0x0000000082100000, 0x0000000082100000|100%| O|  |TAMS 0x0000000082000000, 0x0000000082000000| Untracked 
|   9|0x0000000082100000, 0x0000000082200000, 0x0000000082200000|100%| O|  |TAMS 0x0000000082100000, 0x0000000082100000| Untracked 
|  10|0x0000000082200000, 0x0000000082300000, 0x0000000082300000|100%| O|  |TAMS 0x0000000082200000, 0x0000000082200000| Untracked 
|  11|0x0000000082300000, 0x0000000082400000, 0x0000000082400000|100%| O|  |TAMS 0x0000000082300000, 0x0000000082300000| Untracked 
|  12|0x0000000082400000, 0x0000000082500000, 0x0000000082500000|100%| O|  |TAMS 0x0000000082400000, 0x0000000082400000| Untracked 
|  13|0x0000000082500000, 0x0000000082600000, 0x0000000082600000|100%| O|  |TAMS 0x0000000082500000, 0x0000000082500000| Untracked 
|  14|0x0000000082600000, 0x0000000082700000, 0x0000000082700000|100%| O|  |TAMS 0x0000000082600000, 0x0000000082600000| Untracked 
|  15|0x0000000082700000, 0x0000000082800000, 0x0000000082800000|100%| O|  |TAMS 0x0000000082700000, 0x0000000082700000| Untracked 
|  16|0x0000000082800000, 0x0000000082900000, 0x0000000082900000|100%| O|  |TAMS 0x0000000082800000, 0x0000000082800000| Untracked 
|  17|0x0000000082900000, 0x0000000082a00000, 0x0000000082a00000|100%| O|  |TAMS 0x0000000082900000, 0x0000000082900000| Untracked 
|  18|0x0000000082a00000, 0x0000000082b00000, 0x0000000082b00000|100%| O|  |TAMS 0x0000000082a00000, 0x0000000082a00000| Untracked 
|  19|0x0000000082b00000, 0x0000000082c00000, 0x0000000082c00000|100%| O|  |TAMS 0x0000000082b00000, 0x0000000082b00000| Untracked 
|  20|0x0000000082c00000, 0x0000000082c68600, 0x0000000082d00000| 40%| O|  |TAMS 0x0000000082c00000, 0x0000000082c00000| Untracked 
|  21|0x0000000082d00000, 0x0000000082d00000, 0x0000000082e00000|  0%| F|  |TAMS 0x0000000082d00000, 0x0000000082d00000| Untracked 
|  22|0x0000000082e00000, 0x0000000082e00000, 0x0000000082f00000|  0%| F|  |TAMS 0x0000000082e00000, 0x0000000082e00000| Untracked 
|  23|0x0000000082f00000, 0x0000000082f00000, 0x0000000083000000|  0%| F|  |TAMS 0x0000000082f00000, 0x0000000082f00000| Untracked 
|  24|0x0000000083000000, 0x0000000083000000, 0x0000000083100000|  0%| F|  |TAMS 0x0000000083000000, 0x0000000083000000| Untracked 
|  25|0x0000000083100000, 0x0000000083100000, 0x0000000083200000|  0%| F|  |TAMS 0x0000000083100000, 0x0000000083100000| Untracked 
|  26|0x0000000083200000, 0x0000000083200000, 0x0000000083300000|  0%| F|  |TAMS 0x0000000083200000, 0x0000000083200000| Untracked 
|  27|0x0000000083300000, 0x0000000083300000, 0x0000000083400000|  0%| F|  |TAMS 0x0000000083300000, 0x0000000083300000| Untracked 
|  28|0x0000000083400000, 0x0000000083400000, 0x0000000083500000|  0%| F|  |TAMS 0x0000000083400000, 0x0000000083400000| Untracked 
|  29|0x0000000083500000, 0x0000000083500000, 0x0000000083600000|  0%| F|  |TAMS 0x0000000083500000, 0x0000000083500000| Untracked 
|  30|0x0000000083600000, 0x0000000083600000, 0x0000000083700000|  0%| F|  |TAMS 0x0000000083600000, 0x0000000083600000| Untracked 
|  31|0x0000000083700000, 0x0000000083700000, 0x0000000083800000|  0%| F|  |TAMS 0x0000000083700000, 0x0000000083700000| Untracked 
|  32|0x0000000083800000, 0x0000000083800000, 0x0000000083900000|  0%| F|  |TAMS 0x0000000083800000, 0x0000000083800000| Untracked 
|  33|0x0000000083900000, 0x0000000083900000, 0x0000000083a00000|  0%| F|  |TAMS 0x0000000083900000, 0x0000000083900000| Untracked 
|  34|0x0000000083a00000, 0x0000000083a00000, 0x0000000083b00000|  0%| F|  |TAMS 0x0000000083a00000, 0x0000000083a00000| Untracked 
|  35|0x0000000083b00000, 0x0000000083b00000, 0x0000000083c00000|  0%| F|  |TAMS 0x0000000083b00000, 0x0000000083b00000| Untracked 
|  36|0x0000000083c00000, 0x0000000083c00000, 0x0000000083d00000|  0%| F|  |TAMS 0x0000000083c00000, 0x0000000083c00000| Untracked 
|  37|0x0000000083d00000, 0x0000000083d00000, 0x0000000083e00000|  0%| F|  |TAMS 0x0000000083d00000, 0x0000000083d00000| Untracked 
|  38|0x0000000083e00000, 0x0000000083e00000, 0x0000000083f00000|  0%| F|  |TAMS 0x0000000083e00000, 0x0000000083e00000| Untracked 
|  39|0x0000000083f00000, 0x0000000083f00000, 0x0000000084000000|  0%| F|  |TAMS 0x0000000083f00000, 0x0000000083f00000| Untracked 
|  40|0x0000000084000000, 0x0000000084000000, 0x0000000084100000|  0%| F|  |TAMS 0x0000000084000000, 0x0000000084000000| Untracked 
|  41|0x0000000084100000, 0x0000000084100000, 0x0000000084200000|  0%| F|  |TAMS 0x0000000084100000, 0x0000000084100000| Untracked 
|  42|0x0000000084200000, 0x0000000084200000, 0x0000000084300000|  0%| F|  |TAMS 0x0000000084200000, 0x0000000084200000| Untracked 
|  43|0x0000000084300000, 0x0000000084300000, 0x0000000084400000|  0%| F|  |TAMS 0x0000000084300000, 0x0000000084300000| Untracked 
|  44|0x0000000084400000, 0x0000000084400000, 0x0000000084500000|  0%| F|  |TAMS 0x0000000084400000, 0x0000000084400000| Untracked 
|  45|0x0000000084500000, 0x0000000084500000, 0x0000000084600000|  0%| F|  |TAMS 0x0000000084500000, 0x0000000084500000| Untracked 
|  46|0x0000000084600000, 0x0000000084600000, 0x0000000084700000|  0%| F|  |TAMS 0x0000000084600000, 0x0000000084600000| Untracked 
|  47|0x0000000084700000, 0x0000000084700000, 0x0000000084800000|  0%| F|  |TAMS 0x0000000084700000, 0x0000000084700000| Untracked 
|  48|0x0000000084800000, 0x0000000084800000, 0x0000000084900000|  0%| F|  |TAMS 0x0000000084800000, 0x0000000084800000| Untracked 
|  49|0x0000000084900000, 0x0000000084900000, 0x0000000084a00000|  0%| F|  |TAMS 0x0000000084900000, 0x0000000084900000| Untracked 
|  50|0x0000000084a00000, 0x0000000084a00000, 0x0000000084b00000|  0%| F|  |TAMS 0x0000000084a00000, 0x0000000084a00000| Untracked 
|  51|0x0000000084b00000, 0x0000000084b00000, 0x0000000084c00000|  0%| F|  |TAMS 0x0000000084b00000, 0x0000000084b00000| Untracked 
|  52|0x0000000084c00000, 0x0000000084c00000, 0x0000000084d00000|  0%| F|  |TAMS 0x0000000084c00000, 0x0000000084c00000| Untracked 
|  53|0x0000000084d00000, 0x0000000084d00000, 0x0000000084e00000|  0%| F|  |TAMS 0x0000000084d00000, 0x0000000084d00000| Untracked 
|  54|0x0000000084e00000, 0x0000000084e00000, 0x0000000084f00000|  0%| F|  |TAMS 0x0000000084e00000, 0x0000000084e00000| Untracked 
|  55|0x0000000084f00000, 0x0000000084f00000, 0x0000000085000000|  0%| F|  |TAMS 0x0000000084f00000, 0x0000000084f00000| Untracked 
|  56|0x0000000085000000, 0x0000000085000000, 0x0000000085100000|  0%| F|  |TAMS 0x0000000085000000, 0x0000000085000000| Untracked 
|  57|0x0000000085100000, 0x0000000085100000, 0x0000000085200000|  0%| F|  |TAMS 0x0000000085100000, 0x0000000085100000| Untracked 
|  58|0x0000000085200000, 0x0000000085200000, 0x0000000085300000|  0%| F|  |TAMS 0x0000000085200000, 0x0000000085200000| Untracked 
|  59|0x0000000085300000, 0x0000000085300000, 0x0000000085400000|  0%| F|  |TAMS 0x0000000085300000, 0x0000000085300000| Untracked 
|  60|0x0000000085400000, 0x0000000085400000, 0x0000000085500000|  0%| F|  |TAMS 0x0000000085400000, 0x0000000085400000| Untracked 
|  61|0x0000000085500000, 0x0000000085500000, 0x0000000085600000|  0%| F|  |TAMS 0x0000000085500000, 0x0000000085500000| Untracked 
|  62|0x0000000085600000, 0x0000000085600000, 0x0000000085700000|  0%| F|  |TAMS 0x0000000085600000, 0x0000000085600000| Untracked 
|  63|0x0000000085700000, 0x0000000085700000, 0x0000000085800000|  0%| F|  |TAMS 0x0000000085700000, 0x0000000085700000| Untracked 
|  64|0x0000000085800000, 0x0000000085800000, 0x0000000085900000|  0%| F|  |TAMS 0x0000000085800000, 0x0000000085800000| Untracked 
|  65|0x0000000085900000, 0x0000000085900000, 0x0000000085a00000|  0%| F|  |TAMS 0x0000000085900000, 0x0000000085900000| Untracked 
|  66|0x0000000085a00000, 0x0000000085a00000, 0x0000000085b00000|  0%| F|  |TAMS 0x0000000085a00000, 0x0000000085a00000| Untracked 
|  67|0x0000000085b00000, 0x0000000085b00000, 0x0000000085c00000|  0%| F|  |TAMS 0x0000000085b00000, 0x0000000085b00000| Untracked 
|  68|0x0000000085c00000, 0x0000000085c00000, 0x0000000085d00000|  0%| F|  |TAMS 0x0000000085c00000, 0x0000000085c00000| Untracked 
|  69|0x0000000085d00000, 0x0000000085d00000, 0x0000000085e00000|  0%| F|  |TAMS 0x0000000085d00000, 0x0000000085d00000| Untracked 
|  70|0x0000000085e00000, 0x0000000085e00000, 0x0000000085f00000|  0%| F|  |TAMS 0x0000000085e00000, 0x0000000085e00000| Untracked 
|  71|0x0000000085f00000, 0x0000000085f00000, 0x0000000086000000|  0%| F|  |TAMS 0x0000000085f00000, 0x0000000085f00000| Untracked 
|  72|0x0000000086000000, 0x0000000086000000, 0x0000000086100000|  0%| F|  |TAMS 0x0000000086000000, 0x0000000086000000| Untracked 
|  73|0x0000000086100000, 0x0000000086100000, 0x0000000086200000|  0%| F|  |TAMS 0x0000000086100000, 0x0000000086100000| Untracked 
|  74|0x0000000086200000, 0x0000000086200000, 0x0000000086300000|  0%| F|  |TAMS 0x0000000086200000, 0x0000000086200000| Untracked 
|  75|0x0000000086300000, 0x0000000086300000, 0x0000000086400000|  0%| F|  |TAMS 0x0000000086300000, 0x0000000086300000| Untracked 
|  76|0x0000000086400000, 0x0000000086400000, 0x0000000086500000|  0%| F|  |TAMS 0x0000000086400000, 0x0000000086400000| Untracked 
|  77|0x0000000086500000, 0x0000000086500000, 0x0000000086600000|  0%| F|  |TAMS 0x0000000086500000, 0x0000000086500000| Untracked 
|  78|0x0000000086600000, 0x0000000086600000, 0x0000000086700000|  0%| F|  |TAMS 0x0000000086600000, 0x0000000086600000| Untracked 
|  79|0x0000000086700000, 0x0000000086700000, 0x0000000086800000|  0%| F|  |TAMS 0x0000000086700000, 0x0000000086700000| Untracked 
|  80|0x0000000086800000, 0x0000000086800000, 0x0000000086900000|  0%| F|  |TAMS 0x0000000086800000, 0x0000000086800000| Untracked 
|  81|0x0000000086900000, 0x0000000086900000, 0x0000000086a00000|  0%| F|  |TAMS 0x0000000086900000, 0x0000000086900000| Untracked 
|  82|0x0000000086a00000, 0x0000000086a00000, 0x0000000086b00000|  0%| F|  |TAMS 0x0000000086a00000, 0x0000000086a00000| Untracked 
|  83|0x0000000086b00000, 0x0000000086b00000, 0x0000000086c00000|  0%| F|  |TAMS 0x0000000086b00000, 0x0000000086b00000| Untracked 
|  84|0x0000000086c00000, 0x0000000086c00000, 0x0000000086d00000|  0%| F|  |TAMS 0x0000000086c00000, 0x0000000086c00000| Untracked 
|  85|0x0000000086d00000, 0x0000000086d00000, 0x0000000086e00000|  0%| F|  |TAMS 0x0000000086d00000, 0x0000000086d00000| Untracked 
|  86|0x0000000086e00000, 0x0000000086e00000, 0x0000000086f00000|  0%| F|  |TAMS 0x0000000086e00000, 0x0000000086e00000| Untracked 
|  87|0x0000000086f00000, 0x0000000086f00000, 0x0000000087000000|  0%| F|  |TAMS 0x0000000086f00000, 0x0000000086f00000| Untracked 
|  88|0x0000000087000000, 0x0000000087000000, 0x0000000087100000|  0%| F|  |TAMS 0x0000000087000000, 0x0000000087000000| Untracked 
|  89|0x0000000087100000, 0x0000000087100000, 0x0000000087200000|  0%| F|  |TAMS 0x0000000087100000, 0x0000000087100000| Untracked 
|  90|0x0000000087200000, 0x0000000087200000, 0x0000000087300000|  0%| F|  |TAMS 0x0000000087200000, 0x0000000087200000| Untracked 
|  91|0x0000000087300000, 0x0000000087300000, 0x0000000087400000|  0%| F|  |TAMS 0x0000000087300000, 0x0000000087300000| Untracked 
|  92|0x0000000087400000, 0x0000000087400000, 0x0000000087500000|  0%| F|  |TAMS 0x0000000087400000, 0x0000000087400000| Untracked 
|  93|0x0000000087500000, 0x0000000087500000, 0x0000000087600000|  0%| F|  |TAMS 0x0000000087500000, 0x0000000087500000| Untracked 
|  94|0x0000000087600000, 0x0000000087600000, 0x0000000087700000|  0%| F|  |TAMS 0x0000000087600000, 0x0000000087600000| Untracked 
|  95|0x0000000087700000, 0x0000000087700000, 0x0000000087800000|  0%| F|  |TAMS 0x0000000087700000, 0x0000000087700000| Untracked 
|  96|0x0000000087800000, 0x0000000087800000, 0x0000000087900000|  0%| F|  |TAMS 0x0000000087800000, 0x0000000087800000| Untracked 
|  97|0x0000000087900000, 0x0000000087900000, 0x0000000087a00000|  0%| F|  |TAMS 0x0000000087900000, 0x0000000087900000| Untracked 
|  98|0x0000000087a00000, 0x0000000087a00000, 0x0000000087b00000|  0%| F|  |TAMS 0x0000000087a00000, 0x0000000087a00000| Untracked 
|  99|0x0000000087b00000, 0x0000000087b00000, 0x0000000087c00000|  0%| F|  |TAMS 0x0000000087b00000, 0x0000000087b00000| Untracked 
| 100|0x0000000087c00000, 0x0000000087c00000, 0x0000000087d00000|  0%| F|  |TAMS 0x0000000087c00000, 0x0000000087c00000| Untracked 
| 101|0x0000000087d00000, 0x0000000087d00000, 0x0000000087e00000|  0%| F|  |TAMS 0x0000000087d00000, 0x0000000087d00000| Untracked 
| 102|0x0000000087e00000, 0x0000000087e00000, 0x0000000087f00000|  0%| F|  |TAMS 0x0000000087e00000, 0x0000000087e00000| Untracked 
| 103|0x0000000087f00000, 0x0000000087f4b250, 0x0000000088000000| 29%| S|CS|TAMS 0x0000000087f00000, 0x0000000087f00000| Complete 
| 104|0x0000000088000000, 0x0000000088000000, 0x0000000088100000|  0%| F|  |TAMS 0x0000000088000000, 0x0000000088000000| Untracked 
| 105|0x0000000088100000, 0x00000000881482d8, 0x0000000088200000| 28%| E|  |TAMS 0x0000000088100000, 0x0000000088100000| Complete 
| 106|0x0000000088200000, 0x0000000088300000, 0x0000000088300000|100%| E|  |TAMS 0x0000000088200000, 0x0000000088200000| Complete 
| 107|0x0000000088300000, 0x0000000088400000, 0x0000000088400000|100%| E|CS|TAMS 0x0000000088300000, 0x0000000088300000| Complete 
| 108|0x0000000088400000, 0x0000000088500000, 0x0000000088500000|100%| E|CS|TAMS 0x0000000088400000, 0x0000000088400000| Complete 
| 109|0x0000000088500000, 0x0000000088600000, 0x0000000088600000|100%| E|CS|TAMS 0x0000000088500000, 0x0000000088500000| Complete 
| 110|0x0000000088600000, 0x0000000088700000, 0x0000000088700000|100%| E|CS|TAMS 0x0000000088600000, 0x0000000088600000| Complete 
| 111|0x0000000088700000, 0x0000000088800000, 0x0000000088800000|100%| E|CS|TAMS 0x0000000088700000, 0x0000000088700000| Complete 
| 112|0x0000000088800000, 0x0000000088900000, 0x0000000088900000|100%| E|CS|TAMS 0x0000000088800000, 0x0000000088800000| Complete 
| 113|0x0000000088900000, 0x0000000088a00000, 0x0000000088a00000|100%| E|CS|TAMS 0x0000000088900000, 0x0000000088900000| Complete 
| 114|0x0000000088a00000, 0x0000000088b00000, 0x0000000088b00000|100%| E|CS|TAMS 0x0000000088a00000, 0x0000000088a00000| Complete 
| 115|0x0000000088b00000, 0x0000000088c00000, 0x0000000088c00000|100%| E|CS|TAMS 0x0000000088b00000, 0x0000000088b00000| Complete 
| 116|0x0000000088c00000, 0x0000000088d00000, 0x0000000088d00000|100%| E|CS|TAMS 0x0000000088c00000, 0x0000000088c00000| Complete 
| 117|0x0000000088d00000, 0x0000000088e00000, 0x0000000088e00000|100%| E|CS|TAMS 0x0000000088d00000, 0x0000000088d00000| Complete 
| 118|0x0000000088e00000, 0x0000000088f00000, 0x0000000088f00000|100%| E|CS|TAMS 0x0000000088e00000, 0x0000000088e00000| Complete 
| 119|0x0000000088f00000, 0x0000000089000000, 0x0000000089000000|100%| E|CS|TAMS 0x0000000088f00000, 0x0000000088f00000| Complete 
| 120|0x0000000089000000, 0x0000000089100000, 0x0000000089100000|100%| E|CS|TAMS 0x0000000089000000, 0x0000000089000000| Complete 
| 121|0x0000000089100000, 0x0000000089200000, 0x0000000089200000|100%| E|CS|TAMS 0x0000000089100000, 0x0000000089100000| Complete 
| 122|0x0000000089200000, 0x0000000089300000, 0x0000000089300000|100%| E|CS|TAMS 0x0000000089200000, 0x0000000089200000| Complete 
| 123|0x0000000089300000, 0x0000000089400000, 0x0000000089400000|100%| E|CS|TAMS 0x0000000089300000, 0x0000000089300000| Complete 
| 124|0x0000000089400000, 0x0000000089500000, 0x0000000089500000|100%| E|CS|TAMS 0x0000000089400000, 0x0000000089400000| Complete 
| 125|0x0000000089500000, 0x0000000089600000, 0x0000000089600000|100%| E|CS|TAMS 0x0000000089500000, 0x0000000089500000| Complete 
| 126|0x0000000089600000, 0x0000000089700000, 0x0000000089700000|100%| E|CS|TAMS 0x0000000089600000, 0x0000000089600000| Complete 
| 127|0x0000000089700000, 0x0000000089800000, 0x0000000089800000|100%| E|CS|TAMS 0x0000000089700000, 0x0000000089700000| Complete 

Card table byte_map: [0x00000181a0850000,0x00000181a0c50000] _byte_map_base: 0x00000181a0444000

Marking Bits (Prev, Next): (CMBitMap*) 0x00000181890ebb68, (CMBitMap*) 0x00000181890ebba0
 Prev Bits: [0x00000181a1050000, 0x00000181a2ff0000)
 Next Bits: [0x00000181a2ff0000, 0x00000181a4f90000)

Polling page: 0x0000018188820000

Metaspace:

Usage:
  Non-class:     12.95 MB capacity,    12.64 MB ( 98%) used,   278.33 KB (  2%) free+waste,    34.88 KB ( <1%) overhead. 
      Class:      1.62 MB capacity,     1.50 MB ( 92%) used,   107.62 KB (  6%) free+waste,    17.06 KB (  1%) overhead. 
       Both:     14.57 MB capacity,    14.14 MB ( 97%) used,   385.95 KB (  3%) free+waste,    51.94 KB ( <1%) overhead. 

Virtual space:
  Non-class space:       14.00 MB reserved,      13.00 MB ( 93%) committed 
      Class space:        1.00 GB reserved,       1.63 MB ( <1%) committed 
             Both:        1.01 GB reserved,      14.63 MB (  1%) committed 

Chunk freelists:
   Non-Class:  6.88 KB
       Class:  768 bytes
        Both:  7.63 KB

CodeHeap 'non-profiled nmethods': size=238912Kb used=2255Kb max_used=2255Kb free=236656Kb
 bounds [0x0000018191b00000, 0x0000018191d70000, 0x00000181a0450000]
CodeHeap 'non-nmethods': size=6848Kb used=1110Kb max_used=1110Kb free=5737Kb
 bounds [0x0000018191450000, 0x00000181916c0000, 0x0000018191b00000]
 total_blobs=1913 nmethods=1484 adapters=339
 compilation: enabled
              stopped_count=0, restarted_count=0
 full_count=0

Compilation events (10 events):
Event: 1.024 Thread 0x00000181a7d4c800 nmethod 1230 0x0000018191cb0390 code [0x0000018191cb0600, 0x0000018191cb0e70]
Event: 1.024 Thread 0x00000181a7d4c800 1231       1       java.lang.String::concat (116 bytes)
Event: 1.024 Thread 0x00000181a7d4c800 nmethod 1231 0x0000018191cb1510 code [0x0000018191cb1700, 0x0000018191cb1cd0]
Event: 1.024 Thread 0x00000181a7d4c800 1232       1       java.util.jar.Attributes::getValue (9 bytes)
Event: 1.024 Thread 0x00000181a7d4c800 nmethod 1232 0x0000018191cb1f90 code [0x0000018191cb2140, 0x0000018191cb22b0]
Event: 1.024 Thread 0x00000181a7d4c800 1233       1       java.util.jar.Attributes::get (11 bytes)
Event: 1.024 Thread 0x00000181a7d4c800 nmethod 1233 0x0000018191cb2390 code [0x0000018191cb2540, 0x0000018191cb2690]
Event: 1.024 Thread 0x00000181a7d4c800 1234       1       java.util.Vector::add (23 bytes)
Event: 1.025 Thread 0x00000181a7d4c800 nmethod 1234 0x0000018191cb2710 code [0x0000018191cb28e0, 0x0000018191cb2c00]
Event: 1.025 Thread 0x00000181a7d4c800 1236       1       java.net.URLStreamHandler::parseURL (1201 bytes)

GC Heap History (4 events):
Event: 0.470 GC heap before
{Heap before GC invocations=0 (full 0):
 garbage-first heap   total 131072K, used 14336K [0x0000000081800000, 0x0000000100000000)
  region size 1024K, 14 young (14336K), 0 survivors (0K)
 Metaspace       used 6088K, capacity 6174K, committed 6272K, reserved 1056768K
  class space    used 538K, capacity 567K, committed 640K, reserved 1048576K
}
Event: 0.475 GC heap after
{Heap after GC invocations=1 (full 0):
 garbage-first heap   total 131072K, used 12191K [0x0000000081800000, 0x0000000100000000)
  region size 1024K, 2 young (2048K), 2 survivors (2048K)
 Metaspace       used 6088K, capacity 6174K, committed 6272K, reserved 1056768K
  class space    used 538K, capacity 567K, committed 640K, reserved 1048576K
}
Event: 0.570 GC heap before
{Heap before GC invocations=1 (full 0):
 garbage-first heap   total 131072K, used 19359K [0x0000000081800000, 0x0000000100000000)
  region size 1024K, 10 young (10240K), 2 survivors (2048K)
 Metaspace       used 8243K, capacity 8368K, committed 8576K, reserved 1056768K
  class space    used 803K, capacity 857K, committed 896K, reserved 1048576K
}
Event: 0.574 GC heap after
{Heap after GC invocations=2 (full 0):
 garbage-first heap   total 131072K, used 18871K [0x0000000081800000, 0x0000000100000000)
  region size 1024K, 2 young (2048K), 2 survivors (2048K)
 Metaspace       used 8243K, capacity 8368K, committed 8576K, reserved 1056768K
  class space    used 803K, capacity 857K, committed 896K, reserved 1048576K
}

Deoptimization events (0 events):
No events

Classes redefined (0 events):
No events

Internal exceptions (10 events):
Event: 0.672 Thread 0x00000181890ad000 Exception <a 'java/lang/NoSuchMethodError'{0x000000008953ca48}: java.lang.invoke.DirectMethodHandle$Holder.invokeStaticInit(Ljava/lang/Object;IIII)Ljava/lang/Object;> (0x000000008953ca48) thrown at [./open/src/hotspot/share/interpreter/linkResolver.cpp, l
Event: 0.908 Thread 0x00000181890ad000 Exception <a 'java/lang/NoSuchMethodError'{0x00000000895e24c8}: java.lang.invoke.DirectMethodHandle$Holder.invokeStatic(Ljava/lang/Object;Ljava/lang/Object;IIII)Ljava/lang/Object;> (0x00000000895e24c8) thrown at [./open/src/hotspot/share/interpreter/linkR
Event: 0.908 Thread 0x00000181890ad000 Exception <a 'java/lang/NoSuchMethodError'{0x00000000895e5a68}: java.lang.invoke.DirectMethodHandle$Holder.invokeStaticInit(Ljava/lang/Object;Ljava/lang/Object;IIII)Ljava/lang/Object;> (0x00000000895e5a68) thrown at [./open/src/hotspot/share/interpreter/l
Event: 0.916 Thread 0x00000181890ad000 Exception <a 'java/lang/ClassNotFoundException'{0x0000000089403468}: javax/management/remote/rmi/RMIServerImpl_Skel> (0x0000000089403468) thrown at [./open/src/hotspot/share/classfile/systemDictionary.cpp, line 228]
Event: 0.946 Thread 0x00000181890ad000 Exception <a 'java/lang/ClassNotFoundException'{0x00000000894d7d08}: jdk/internal/agent/resources/spi/agentProvider> (0x00000000894d7d08) thrown at [./open/src/hotspot/share/classfile/systemDictionary.cpp, line 228]
Event: 0.951 Thread 0x00000181890ad000 Exception <a 'java/lang/NoSuchMethodError'{0x000000008932da98}: java.lang.invoke.DirectMethodHandle$Holder.invokeStatic(Ljava/lang/Object;Ljava/lang/Object;Ljava/lang/Object;Ljava/lang/Object;Ljava/lang/Object;Ljava/lang/Object;Ljava/lang/Object;Ljava/lan
Event: 0.952 Thread 0x00000181890ad000 Exception <a 'java/lang/NoSuchMethodError'{0x000000008933a2b8}: java.lang.invoke.DirectMethodHandle$Holder.invokeStatic(Ljava/lang/Object;Ljava/lang/Object;Ljava/lang/Object;Ljava/lang/Object;Ljava/lang/Object;Ljava/lang/Object;Ljava/lang/Object;Ljava/lan
Event: 0.953 Thread 0x00000181890ad000 Exception <a 'java/lang/NoSuchMethodError'{0x0000000089353fe8}: java.lang.invoke.DelegatingMethodHandle$Holder.reinvoke_L(Ljava/lang/Object;ILjava/lang/Object;)Ljava/lang/Object;> (0x0000000089353fe8) thrown at [./open/src/hotspot/share/interpreter/linkRe
Event: 0.981 Thread 0x00000181890ad000 Exception <a 'java/lang/ClassNotFoundException'{0x000000008911edb8}: javax/smartcardio/CardPermission> (0x000000008911edb8) thrown at [./open/src/hotspot/share/classfile/systemDictionary.cpp, line 228]
Event: 0.983 Thread 0x00000181890ad000 Exception <a 'java/io/FileNotFoundException'{0x000000008912d190}> (0x000000008912d190) thrown at [./open/src/hotspot/share/prims/jni.cpp, line 611]

Events (10 events):
Event: 1.029 loading class org/springframework/util/ConcurrentReferenceHashMap$Restructure
Event: 1.029 loading class org/springframework/util/ConcurrentReferenceHashMap$Restructure done
Event: 1.029 loading class org/springframework/util/LinkedMultiValueMap
Event: 1.029 loading class org/springframework/util/LinkedMultiValueMap done
Event: 1.029 loading class org/springframework/util/MultiValueMap
Event: 1.029 loading class org/springframework/util/MultiValueMap done
Event: 1.030 loading class java/util/zip/ZipFile$ZipEntryIterator
Event: 1.030 loading class java/util/zip/ZipFile$ZipEntryIterator done
Event: 1.030 loading class org/springframework/core/io/UrlResource
Event: 1.030 loading class org/springframework/core/io/UrlResource done


Dynamic libraries:
0x00007ff7b7cf0000 - 0x00007ff7b7d37000 	C:\Program Files\Java\jdk-11.0.7\bin\javaw.exe
0x00007ffb91990000 - 0x00007ffb91b85000 	C:\WINDOWS\SYSTEM32\ntdll.dll
0x00007ffb8fdc0000 - 0x00007ffb8fe7d000 	C:\WINDOWS\System32\KERNEL32.DLL
0x00007ffb8f4c0000 - 0x00007ffb8f787000 	C:\WINDOWS\System32\KERNELBASE.dll
0x00007ffb8ca60000 - 0x00007ffb8caf0000 	C:\WINDOWS\SYSTEM32\apphelp.dll
0x00007ffb50190000 - 0x00007ffb50624000 	C:\WINDOWS\SYSTEM32\AcLayers.DLL
0x00007ffb913e0000 - 0x00007ffb9147e000 	C:\WINDOWS\System32\msvcrt.dll
0x00007ffb8ff60000 - 0x00007ffb90100000 	C:\WINDOWS\System32\USER32.dll
0x00007ffb8f2b0000 - 0x00007ffb8f2d2000 	C:\WINDOWS\System32\win32u.dll
0x00007ffb90930000 - 0x00007ffb9095a000 	C:\WINDOWS\System32\GDI32.dll
0x00007ffb8f360000 - 0x00007ffb8f469000 	C:\WINDOWS\System32\gdi32full.dll
0x00007ffb8f790000 - 0x00007ffb8f82d000 	C:\WINDOWS\System32\msvcp_win.dll
0x00007ffb8f100000 - 0x00007ffb8f200000 	C:\WINDOWS\System32\ucrtbase.dll
0x00007ffb918f0000 - 0x00007ffb91945000 	C:\WINDOWS\System32\SHLWAPI.dll
0x00007ffb8fb60000 - 0x00007ffb8fc0a000 	C:\WINDOWS\System32\ADVAPI32.dll
0x00007ffb90100000 - 0x00007ffb9019b000 	C:\WINDOWS\System32\sechost.dll
0x00007ffb90500000 - 0x00007ffb90624000 	C:\WINDOWS\System32\RPCRT4.dll
0x0000018186d00000 - 0x0000018186d03000 	C:\WINDOWS\SYSTEM32\sfc.dll
0x00007ffb85560000 - 0x00007ffb855ee000 	C:\WINDOWS\SYSTEM32\WINSPOOL.DRV
0x00007ffb715c0000 - 0x00007ffb715d2000 	C:\WINDOWS\SYSTEM32\sfc_os.DLL
0x00007ffb8faa0000 - 0x00007ffb8fad0000 	C:\WINDOWS\System32\IMM32.DLL
0x00007ffb85910000 - 0x00007ffb85bab000 	C:\WINDOWS\WinSxS\amd64_microsoft.windows.common-controls_6595b64144ccf1df_6.0.19041.488_none_ca04af081b815d21\COMCTL32.dll
0x00007ffb87e30000 - 0x00007ffb87e3a000 	C:\WINDOWS\SYSTEM32\VERSION.dll
0x00007ffb74cb0000 - 0x00007ffb74dca000 	C:\Program Files\Diebold\Warsaw\wslbscr64.dll
0x00007ffb90c30000 - 0x00007ffb91371000 	C:\WINDOWS\System32\SHELL32.dll
0x00007ffb8ddf0000 - 0x00007ffb8de23000 	C:\WINDOWS\SYSTEM32\ntmarta.dll
0x00007ffb758a0000 - 0x00007ffb7598f000 	C:\Program Files\Diebold\Warsaw\wslbscrwh64.dll
0x00007ffb796f0000 - 0x00007ffb79706000 	C:\Program Files\Java\jdk-11.0.7\bin\vcruntime140.dll
0x00007ffb73b10000 - 0x00007ffb73bba000 	C:\Program Files\Java\jdk-11.0.7\bin\msvcp140.dll
0x00007ffb5b9f0000 - 0x00007ffb5c551000 	C:\Program Files\Java\jdk-11.0.7\bin\server\jvm.dll
0x00007ffb8fb50000 - 0x00007ffb8fb58000 	C:\WINDOWS\System32\PSAPI.DLL
0x00007ffb808c0000 - 0x00007ffb808c9000 	C:\WINDOWS\SYSTEM32\WSOCK32.dll
0x00007ffb90750000 - 0x00007ffb907bb000 	C:\WINDOWS\System32\WS2_32.dll
0x00007ffb847f0000 - 0x00007ffb84817000 	C:\WINDOWS\SYSTEM32\WINMM.dll
0x00007ffb8cf70000 - 0x00007ffb8cf83000 	C:\WINDOWS\SYSTEM32\kernel.appcore.dll
0x00007ffb83c50000 - 0x00007ffb83c61000 	C:\Program Files\Java\jdk-11.0.7\bin\verify.dll
0x00007ffb81700000 - 0x00007ffb818e4000 	C:\WINDOWS\SYSTEM32\DBGHELP.DLL
0x00007ffb80760000 - 0x00007ffb8078c000 	C:\WINDOWS\SYSTEM32\dbgcore.DLL
0x00000181887a0000 - 0x000001818881f000 	C:\WINDOWS\System32\bcryptPrimitives.dll
0x00007ffb7f7d0000 - 0x00007ffb7f7f9000 	C:\Program Files\Java\jdk-11.0.7\bin\java.dll
0x00007ffb8ad90000 - 0x00007ffb8ad9a000 	C:\Program Files\Java\jdk-11.0.7\bin\jimage.dll
0x00007ffb83b40000 - 0x00007ffb83b56000 	C:\Program Files\Java\jdk-11.0.7\bin\zip.dll
0x00007ffb8d250000 - 0x00007ffb8d9e3000 	C:\WINDOWS\SYSTEM32\windows.storage.dll
0x00000181a81d0000 - 0x00000181a8525000 	C:\WINDOWS\System32\combase.dll
0x00007ffb8ea60000 - 0x00007ffb8ea8c000 	C:\WINDOWS\SYSTEM32\Wldp.dll
0x00007ffb8f9f0000 - 0x00007ffb8fa9e000 	C:\WINDOWS\System32\SHCORE.dll
0x00007ffb8f000000 - 0x00007ffb8f026000 	C:\WINDOWS\SYSTEM32\profapi.dll
0x00007ffb7f7b0000 - 0x00007ffb7f7c9000 	C:\Program Files\Java\jdk-11.0.7\bin\net.dll
0x00007ffb86930000 - 0x00007ffb86a30000 	C:\WINDOWS\SYSTEM32\WINHTTP.dll
0x00007ffb8e7f0000 - 0x00007ffb8e85a000 	C:\WINDOWS\system32\mswsock.dll
0x00007ffb7f790000 - 0x00007ffb7f7a3000 	C:\Program Files\Java\jdk-11.0.7\bin\nio.dll
0x00007ffb8ae40000 - 0x00007ffb8ae49000 	C:\Program Files\Java\jdk-11.0.7\bin\management.dll
0x00007ffb8adb0000 - 0x00007ffb8adbc000 	C:\Program Files\Java\jdk-11.0.7\bin\management_ext.dll
0x00007ffb85d40000 - 0x00007ffb85d57000 	C:\WINDOWS\system32\napinsp.dll
0x00007ffb85d20000 - 0x00007ffb85d3b000 	C:\WINDOWS\system32\pnrpnsp.dll
0x00007ffb89e10000 - 0x00007ffb89e25000 	C:\WINDOWS\system32\wshbth.dll
0x00007ffb8a430000 - 0x00007ffb8a44d000 	C:\WINDOWS\system32\NLAapi.dll
0x00007ffb8e4e0000 - 0x00007ffb8e51b000 	C:\WINDOWS\SYSTEM32\IPHLPAPI.DLL
0x00007ffb8e520000 - 0x00007ffb8e5eb000 	C:\WINDOWS\SYSTEM32\DNSAPI.dll
0x00007ffb90630000 - 0x00007ffb90639000 	C:\WINDOWS\System32\NSI.dll
0x00007ffb86300000 - 0x00007ffb86312000 	C:\WINDOWS\System32\winrnr.dll
0x00007ffb86ee0000 - 0x00007ffb86eea000 	C:\Windows\System32\rasadhlp.dll
0x00007ffb89bc0000 - 0x00007ffb89c3f000 	C:\WINDOWS\System32\fwpuclnt.dll
0x00007ffb8f0d0000 - 0x00007ffb8f0f7000 	C:\WINDOWS\System32\bcrypt.dll
0x00007ffb8e9c0000 - 0x00007ffb8e9d8000 	C:\WINDOWS\SYSTEM32\CRYPTSP.dll
0x00007ffb8e180000 - 0x00007ffb8e1b4000 	C:\WINDOWS\system32\rsaenh.dll
0x00007ffb8efc0000 - 0x00007ffb8efee000 	C:\WINDOWS\SYSTEM32\USERENV.dll
0x00007ffb8ef70000 - 0x00007ffb8ef7c000 	C:\WINDOWS\SYSTEM32\CRYPTBASE.dll
0x00007ffb89e30000 - 0x00007ffb89e47000 	C:\WINDOWS\SYSTEM32\dhcpcsvc6.DLL
0x00007ffb89340000 - 0x00007ffb8935d000 	C:\WINDOWS\SYSTEM32\dhcpcsvc.DLL

dbghelp: loaded successfully - version: 4.0.5 - missing functions: none
symbol engine: initialized successfully - sym options: 0x614 - pdb path: .;C:\Program Files\Java\jdk-11.0.7\bin;C:\WINDOWS\SYSTEM32;C:\WINDOWS\WinSxS\amd64_microsoft.windows.common-controls_6595b64144ccf1df_6.0.19041.488_none_ca04af081b815d21;C:\Program Files\Diebold\Warsaw;C:\Program Files\Java\jdk-11.0.7\bin\server

VM Arguments:
jvm_args: -Dcom.sun.management.jmxremote -Dcom.sun.management.jmxremote.port=63246 -Dcom.sun.management.jmxremote.authenticate=false -Dcom.sun.management.jmxremote.ssl=false -Djava.rmi.server.hostname=localhost -Dspring.jmx.enabled=true -Dspring.application.admin.enabled=true -Xverify:none -XX:TieredStopAtLevel=1 -Dfile.encoding=UTF-8 
java_command: com.mcexpress.McexpressxApplication --spring.output.ansi.enabled=always
java_class_path (initial): C:\temp\ws-sts\glpvexpressx4\target\classes;C:\Users\eliseu\.m2\repository\org\springframework\boot\spring-boot-starter-web\2.1.6.RELEASE\spring-boot-starter-web-2.1.6.RELEASE.jar;C:\Users\eliseu\.m2\repository\org\springframework\boot\spring-boot-starter\2.1.6.RELEASE\spring-boot-starter-2.1.6.RELEASE.jar;C:\Users\eliseu\.m2\repository\org\springframework\boot\spring-boot-starter-logging\2.1.6.RELEASE\spring-boot-starter-logging-2.1.6.RELEASE.jar;C:\Users\eliseu\.m2\repository\ch\qos\logback\logback-classic\1.2.3\logback-classic-1.2.3.jar;C:\Users\eliseu\.m2\repository\ch\qos\logback\logback-core\1.2.3\logback-core-1.2.3.jar;C:\Users\eliseu\.m2\repository\org\apache\logging\log4j\log4j-to-slf4j\2.11.2\log4j-to-slf4j-2.11.2.jar;C:\Users\eliseu\.m2\repository\org\apache\logging\log4j\log4j-api\2.11.2\log4j-api-2.11.2.jar;C:\Users\eliseu\.m2\repository\org\slf4j\jul-to-slf4j\1.7.26\jul-to-slf4j-1.7.26.jar;C:\Users\eliseu\.m2\repository\javax\annotation\javax.annotation-api\1.3.2\javax.annotation-api-1.3.2.jar;C:\Users\eliseu\.m2\repository\org\yaml\snakeyaml\1.23\snakeyaml-1.23.jar;C:\Users\eliseu\.m2\repository\org\springframework\boot\spring-boot-starter-json\2.1.6.RELEASE\spring-boot-starter-json-2.1.6.RELEASE.jar;C:\Users\eliseu\.m2\repository\com\fasterxml\jackson\datatype\jackson-datatype-jdk8\2.9.9\jackson-datatype-jdk8-2.9.9.jar;C:\Users\eliseu\.m2\repository\com\fasterxml\jackson\datatype\jackson-datatype-jsr310\2.9.9\jackson-datatype-jsr310-2.9.9.jar;C:\Users\eliseu\.m2\repository\com\fasterxml\jackson\module\jackson-module-parameter-names\2.9.9\jackson-module-parameter-names-2.9.9.jar;C:\Users\eliseu\.m2\repository\org\springframework\boot\spring-boot-starter-tomcat\2.1.6.RELEASE\spring-boot-starter-tomcat-2.1.6.RELEASE.jar;C:\Users\eliseu\.m2\repository\org\apache\tomcat\embed\tomcat-embed-core\9.0.21\tomcat-embed-core-9.0.21.jar;C:\Users\eliseu\.m2\repository\org\apache\tomcat\embed\tomcat-embed-el\9.0.21\tomcat-embed-el-9.0.2
Launcher Type: SUN_STANDARD

[Global flags]
     bool BytecodeVerificationLocal                = false                                     {product} {command line}
     bool BytecodeVerificationRemote               = false                                     {product} {command line}
     intx CICompilerCount                          = 3                                         {product} {ergonomic}
     uint ConcGCThreads                            = 1                                         {product} {ergonomic}
     uint G1ConcRefinementThreads                  = 4                                         {product} {ergonomic}
   size_t G1HeapRegionSize                         = 1048576                                   {product} {ergonomic}
    uintx GCDrainStackTargetSize                   = 64                                        {product} {ergonomic}
   size_t InitialHeapSize                          = 134217728                                 {product} {ergonomic}
     bool ManagementServer                         = true                                      {product} {command line}
   size_t MarkStackSize                            = 4194304                                   {product} {ergonomic}
   size_t MaxHeapSize                              = 2122317824                                {product} {ergonomic}
   size_t MaxNewSize                               = 1272971264                                {product} {ergonomic}
   size_t MinHeapDeltaBytes                        = 1048576                                   {product} {ergonomic}
    uintx NonNMethodCodeHeapSize                   = 6973028                                {pd product} {ergonomic}
    uintx NonProfiledCodeHeapSize                  = 244685212                              {pd product} {ergonomic}
    uintx ProfiledCodeHeapSize                     = 0                                      {pd product} {ergonomic}
    uintx ReservedCodeCacheSize                    = 251658240                              {pd product} {ergonomic}
     bool SegmentedCodeCache                       = true                                      {product} {ergonomic}
     intx TieredStopAtLevel                        = 1                                         {product} {command line}
     bool UseCompressedClassPointers               = true                                 {lp64_product} {ergonomic}
     bool UseCompressedOops                        = true                                 {lp64_product} {ergonomic}
     bool UseG1GC                                  = true                                      {product} {ergonomic}
     bool UseLargePagesIndividualAllocation        = false                                  {pd product} {ergonomic}

Logging:
Log output configuration:
 #0: stdout all=warning uptime,level,tags
 #1: stderr all=off uptime,level,tags

Environment Variables:
JAVA_HOME=C:\Program Files\Java\jdk-11.0.7
PATH=C:/Program Files/Java/jdk-11.0.7/bin/server;C:/Program Files/Java/jdk-11.0.7/bin;C:\Program Files (x86)\Common Files\Intel\Shared Files\cpp\bin\Intel64;C:\Program Files\Java\jdk-11.0.7\bin;C:\oracle\product\10.2.0\client_5\bin;C:\oracle\product\10.2.0\client_4;C:\oracle\product\10.2.0\client_3;C:\oracle\product\10.2.0\client_2\bin;C:\oracle\product\10.2.0\client_1;C:\WINDOWS\system32;C:\WINDOWS;C:\WINDOWS\System32\Wbem;C:\WINDOWS\System32\WindowsPowerShell\v1.0\;C:\WINDOWS\System32\OpenSSH\;C:\Program Files\dotnet\;C:\xampp\mysql\bin;C:\Users\eliseu\AppData\Local\Android\Sdk\tools;C:\Users\eliseu\AppData\Local\Android\Sdk\tools\bin;C:\Users\eliseu\AppData\Local\Android\Sdk\platform-tools;C:\Gradle\gradle-5.5;C:\Program Files\Java\jdk-11.0.7;C:\Program Files\MySQL\MySQL Utilities 1.6\;C:\Program Files\Git\cmd;C:\Program Files\nodejs\;C:\maven\bin;C:\Program Files\PuTTY\;C:\Program Files\MySQL\MySQL Shell 8.0\bin\;C:\Users\eliseu\AppData\Local\Programs\Microsoft VS Code\bin;C:\Users\eliseu\AppData\Local\Microsoft\WindowsApps;C:\Program Files\heroku\bin;C:\Users\eliseu\AppData\Roaming\npm;;C:\sts-4.3.1.RELEASE;
USERNAME=eliseu
OS=Windows_NT
PROCESSOR_IDENTIFIER=Intel64 Family 6 Model 94 Stepping 3, GenuineIntel



---------------  S Y S T E M  ---------------

OS: Windows 10 , 64 bit Build 19041 (10.0.19041.292)

CPU:total 4 (initial active 4) (4 cores per cpu, 1 threads per core) family 6 model 94 stepping 3, cmov, cx8, fxsr, mmx, sse, sse2, sse3, ssse3, sse4.1, sse4.2, popcnt, avx, avx2, aes, clmul, erms, 3dnowpref, lzcnt, tsc, tscinvbit, bmi1, bmi2, adx, fma

Memory: 4k page, system-wide physical 8095M (1003M free)
TotalPageFile size 14435M (AvailPageFile size 2828M)
current process WorkingSet (physical memory assigned to process): 103M, peak: 103M
current process commit charge ("private bytes"): 229M, peak: 229M

vm_info: Java HotSpot(TM) 64-Bit Server VM (11.0.7+8-LTS) for windows-amd64 JRE (11.0.7+8-LTS), built on Mar 12 2020 02:04:32 by "mach5one" with MS VC++ 15.5 (VS2017)

END.
