#
# A fatal error has been detected by the Java Runtime Environment:
#
#  EXCEPTION_ACCESS_VIOLATION (0xc0000005) at pc=0x00007ffb5bcb6cd0, pid=6984, tid=15112
#
# JRE version: Java(TM) SE Runtime Environment 18.9 (11.0.7+8) (build 11.0.7+8-LTS)
# Java VM: Java HotSpot(TM) 64-Bit Server VM 18.9 (11.0.7+8-LTS, mixed mode, tiered, compressed oops, g1 gc, windows-amd64)
# Problematic frame:
# V  [jvm.dll+0x2c6cd0]
#
# No core dump will be written. Minidumps are not enabled by default on client versions of Windows
#
# If you would like to submit a bug report, please visit:
#   https://bugreport.java.com/bugreport/crash.jsp
#

---------------  S U M M A R Y ------------

Command Line: -Dcom.sun.management.jmxremote -Dcom.sun.management.jmxremote.port=62919 -Dcom.sun.management.jmxremote.authenticate=false -Dcom.sun.management.jmxremote.ssl=false -Djava.rmi.server.hostname=localhost -Dspring.jmx.enabled=true -Dspring.application.admin.enabled=true -Xverify:none -XX:TieredStopAtLevel=1 -Dfile.encoding=UTF-8 com.mcexpress.McexpressxApplication --spring.output.ansi.enabled=always

Host: Intel(R) Core(TM) i5-6400 CPU @ 2.70GHz, 4 cores, 7G,  Windows 10 , 64 bit Build 19041 (10.0.19041.292)
Time: Thu Oct  1 15:23:14 2020 Hora oficial do Brasil elapsed time: 348 seconds (0d 0h 5m 48s)

---------------  T H R E A D  ---------------

Current thread (0x0000026f7d5e1800):  VMThread "VM Thread" [stack: 0x000000e67e900000,0x000000e67ea00000] [id=15112]

Stack: [0x000000e67e900000,0x000000e67ea00000],  sp=0x000000e67e9fe900,  free space=1018k
Native frames: (J=compiled Java code, j=interpreted, Vv=VM code, C=native code)
V  [jvm.dll+0x2c6cd0]
V  [jvm.dll+0x1e7174]
V  [jvm.dll+0x736fe0]
V  [jvm.dll+0x306e95]
V  [jvm.dll+0x30640b]
V  [jvm.dll+0x2f224c]
V  [jvm.dll+0x7aa843]
V  [jvm.dll+0x7a9d5c]
V  [jvm.dll+0x7a80e7]
V  [jvm.dll+0x7a8910]
V  [jvm.dll+0x7a8c17]
V  [jvm.dll+0x75e875]
V  [jvm.dll+0x660b26]
C  [ucrtbase.dll+0x214c2]
C  [KERNEL32.DLL+0x16fd4]
C  [ntdll.dll+0x4cec1]


siginfo: EXCEPTION_ACCESS_VIOLATION (0xc0000005), reading address 0x000000040000001b


Register to memory mapping:

RIP=0x00007ffb5bcb6cd0 jvm.dll
RAX=0x0000026f7f39ba80 points into unknown readable memory: 03 00 00 00 04 00 00 00
RBX=0x0000026f6c0643b0 points into unknown readable memory: 00 00 00 00 00 00 00 00
RCX=0x0000026f7f355bb0 points into unknown readable memory: 01 00 00 00 00 00 00 00
RDX=0x0 is NULL
RSP=0x000000e67e9fe900 points into unknown readable memory: f0 43 1c 6e 6f 02 00 00
RBP=0x0000000000000008 is an unknown value
RSI=0x0000000400000003 is an unknown value
RDI=0x0000026f7d5f9c68 points into unknown readable memory: c0 f8 5d 7d 6f 02 00 00
R8 =0x0 is NULL
R9 =0x0000000000000008 is an unknown value
R10=0x00000000546c6148 is an unknown value
R11=0x000000e67e9fea18 points into unknown readable memory: 74 71 bd 5b fb 7f 00 00
R12=0x00007ffb5c25a501 jvm.dll
R13=0x00007ffb5c4b72f0 jvm.dll
R14=0x00000000000005a7 is an unknown value
R15=0x0000000000000009 is an unknown value


Registers:
RAX=0x0000026f7f39ba80, RBX=0x0000026f6c0643b0, RCX=0x0000026f7f355bb0, RDX=0x0000000000000000
RSP=0x000000e67e9fe900, RBP=0x0000000000000008, RSI=0x0000000400000003, RDI=0x0000026f7d5f9c68
R8 =0x0000000000000000, R9 =0x0000000000000008, R10=0x00000000546c6148, R11=0x000000e67e9fea18
R12=0x00007ffb5c25a501, R13=0x00007ffb5c4b72f0, R14=0x00000000000005a7, R15=0x0000000000000009
RIP=0x00007ffb5bcb6cd0, EFLAGS=0x0000000000010206

Top of Stack: (sp=0x000000e67e9fe900)
0x000000e67e9fe900:   0000026f6e1c43f0 00007ffb5c023585
0x000000e67e9fe910:   0000026f6e1c43f0 00007ffb5c0238c1
0x000000e67e9fe920:   0000000000000000 0000026f7f355bb0
0x000000e67e9fe930:   0000000000000000 0000026f7d5f9c68
0x000000e67e9fe940:   0000026f6e1c43f0 00007ffb5c023585
0x000000e67e9fe950:   0000026f6e1c43f0 00007ffb5bff94cb
0x000000e67e9fe960:   0000026f7d453db0 00007ffb5bff94cb
0x000000e67e9fe970:   0000000000000000 00007ffb5c023635
0x000000e67e9fe980:   0000000000000000 0000026f7d5e1800
0x000000e67e9fe990:   0000026f6c0643b0 00007ffb5bc47995
0x000000e67e9fe9a0:   0000026f7d453db0 00007ffb5bff94cb
0x000000e67e9fe9b0:   0000026f6e1c43f0 0000000000000000
0x000000e67e9fe9c0:   0000000000000000 0000026f6c0643b0
0x000000e67e9fe9d0:   0000026f6c0643b0 0000000000000009
0x000000e67e9fe9e0:   0000471575771f0e 00007ffb5c25a501
0x000000e67e9fe9f0:   0000000000000009 00000000000005a7 

Instructions: (pc=0x00007ffb5bcb6cd0)
0x00007ffb5bcb6cb0:   48 8b 41 08 48 8b 34 02 48 85 f6 0f 84 a4 01 00
0x00007ffb5bcb6cc0:   00 0f 1f 40 00 66 66 66 0f 1f 84 00 00 00 00 00
0x00007ffb5bcb6cd0:   48 8b 5e 18 45 33 f6 48 85 db 0f 84 68 01 00 00
0x00007ffb5bcb6ce0:   48 8b cb e8 98 ff 3c 00 48 85 c0 0f 85 48 01 00 


Stack slot to memory mapping:
stack at sp + 0 slots: 0x0000026f6e1c43f0 points into unknown readable memory: 00 00 00 00 00 00 00 00
stack at sp + 1 slots: 0x00007ffb5c023585 jvm.dll
stack at sp + 2 slots: 0x0000026f6e1c43f0 points into unknown readable memory: 00 00 00 00 00 00 00 00
stack at sp + 3 slots: 0x00007ffb5c0238c1 jvm.dll
stack at sp + 4 slots: 0x0 is NULL
stack at sp + 5 slots: 0x0000026f7f355bb0 points into unknown readable memory: 01 00 00 00 00 00 00 00
stack at sp + 6 slots: 0x0 is NULL
stack at sp + 7 slots: 0x0000026f7d5f9c68 points into unknown readable memory: c0 f8 5d 7d 6f 02 00 00

VM_Operation (0x000000e6016fec50): G1CollectFull, mode: safepoint, requested by thread 0x0000026f14885800


---------------  P R O C E S S  ---------------

Threads class SMR info:
_java_thread_list=0x0000026f148192c0, length=21, elements={
0x0000026f7d5e7800, 0x0000026f7d5f2800, 0x0000026f7de67800, 0x0000026f7de68800,
0x0000026f7de69800, 0x0000026f7de74800, 0x0000026f7d5a1800, 0x0000026f7e0a8000,
0x0000026f7f3a6000, 0x0000026f7f395800, 0x0000026f7f413800, 0x0000026f7fa97800,
0x0000026f7fc43800, 0x0000026f7fca5800, 0x0000026f10688800, 0x0000026f10687800,
0x0000026f10689000, 0x0000026f10684800, 0x0000026f14887000, 0x0000026f14888800,
0x0000026f14885800
}

Java Threads: ( => current thread )
  0x0000026f7d5e7800 JavaThread "Reference Handler" daemon [_thread_blocked, id=15656, stack(0x000000e67ea00000,0x000000e67eb00000)]
  0x0000026f7d5f2800 JavaThread "Finalizer" daemon [_thread_blocked, id=10568, stack(0x000000e67eb00000,0x000000e67ec00000)]
  0x0000026f7de67800 JavaThread "Signal Dispatcher" daemon [_thread_blocked, id=15976, stack(0x000000e67ec00000,0x000000e67ed00000)]
  0x0000026f7de68800 JavaThread "Attach Listener" daemon [_thread_blocked, id=7656, stack(0x000000e67ed00000,0x000000e67ee00000)]
  0x0000026f7de69800 JavaThread "C1 CompilerThread0" daemon [_thread_blocked, id=14160, stack(0x000000e67ee00000,0x000000e67ef00000)]
  0x0000026f7de74800 JavaThread "Sweeper thread" daemon [_thread_blocked, id=17372, stack(0x000000e67ef00000,0x000000e67f000000)]
  0x0000026f7d5a1800 JavaThread "Common-Cleaner" daemon [_thread_blocked, id=4224, stack(0x000000e67f000000,0x000000e67f100000)]
  0x0000026f7e0a8000 JavaThread "Service Thread" daemon [_thread_blocked, id=4056, stack(0x000000e67f100000,0x000000e67f200000)]
  0x0000026f7f3a6000 JavaThread "RMI TCP Accept-0" daemon [_thread_in_native, id=12480, stack(0x000000e67f400000,0x000000e67f500000)]
  0x0000026f7f395800 JavaThread "RMI TCP Accept-62919" daemon [_thread_in_native, id=8424, stack(0x000000e67f500000,0x000000e67f600000)]
  0x0000026f7f413800 JavaThread "RMI TCP Accept-0" daemon [_thread_in_native, id=17064, stack(0x000000e67f600000,0x000000e67f700000)]
  0x0000026f7fa97800 JavaThread "RMI TCP Connection(idle)" daemon [_thread_blocked, id=380, stack(0x000000e67fc00000,0x000000e67fd00000)]
  0x0000026f7fc43800 JavaThread "RMI Scheduler(0)" daemon [_thread_blocked, id=13804, stack(0x000000e67fd00000,0x000000e67fe00000)]
  0x0000026f7fca5800 JavaThread "JMX server connection timeout 22" daemon [_thread_blocked, id=9880, stack(0x000000e67fe00000,0x000000e67ff00000)]
  0x0000026f10688800 JavaThread "Catalina-utility-1" [_thread_blocked, id=12196, stack(0x000000e67fa00000,0x000000e67fb00000)]
  0x0000026f10687800 JavaThread "Catalina-utility-2" [_thread_blocked, id=6380, stack(0x000000e67ff00000,0x000000e680000000)]
  0x0000026f10689000 JavaThread "mysql-cj-abandoned-connection-cleanup" daemon [_thread_blocked, id=12880, stack(0x000000e600100000,0x000000e600200000)]
  0x0000026f10684800 JavaThread "Live Reload Server" daemon [_thread_in_native, id=17812, stack(0x000000e600800000,0x000000e600900000)]
  0x0000026f14887000 JavaThread "http-nio-8081-Acceptor" daemon [_thread_blocked, id=7640, stack(0x000000e601400000,0x000000e601500000)]
  0x0000026f14888800 JavaThread "DestroyJavaVM" [_thread_blocked, id=12140, stack(0x000000e67e300000,0x000000e67e400000)]
  0x0000026f14885800 JavaThread "Thread-5" [_thread_blocked, id=12940, stack(0x000000e601600000,0x000000e601700000)]

Other Threads:
=>0x0000026f7d5e1800 VMThread "VM Thread" [stack: 0x000000e67e900000,0x000000e67ea00000] [id=15112]
  0x0000026f7f422800 WatcherThread [stack: 0x000000e67f700000,0x000000e67f800000] [id=17876]
  0x0000026f6e1e0800 GCTaskThread "GC Thread#0" [stack: 0x000000e67e400000,0x000000e67e500000] [id=15036]
  0x0000026f7eec0800 GCTaskThread "GC Thread#1" [stack: 0x000000e67f200000,0x000000e67f300000] [id=11004]
  0x0000026f7eec1000 GCTaskThread "GC Thread#2" [stack: 0x000000e67f300000,0x000000e67f400000] [id=7436]
  0x0000026f7f8e9000 GCTaskThread "GC Thread#3" [stack: 0x000000e67fb00000,0x000000e67fc00000] [id=7224]
  0x0000026f6e211000 ConcurrentGCThread "G1 Main Marker" [stack: 0x000000e67e500000,0x000000e67e600000] [id=16980]
  0x0000026f6e212800 ConcurrentGCThread "G1 Conc#0" [stack: 0x000000e67e600000,0x000000e67e700000] [id=9312]
  0x0000026f7d449800 ConcurrentGCThread "G1 Refine#0" [stack: 0x000000e67e700000,0x000000e67e800000] [id=2524]
  0x0000026f7d44a800 ConcurrentGCThread "G1 Young RemSet Sampling" [stack: 0x000000e67e800000,0x000000e67e900000] [id=15832]

Threads with active compile tasks:

VM state:at safepoint (normal execution)

VM Mutex/Monitor currently owned by a thread:  ([mutex/lock_event])
[0x0000026f6e1c7e20] Threads_lock - owner thread: 0x0000026f7d5e1800
[0x0000026f6e1c7b50] Heap_lock - owner thread: 0x0000026f14885800

Heap address: 0x0000000081800000, size: 2024 MB, Compressed Oops mode: 32-bit
Narrow klass base: 0x0000000000000000, Narrow klass shift: 3
Compressed class space size: 1073741824 Address: 0x0000000100000000

Heap:
 garbage-first heap   total 157696K, used 101118K [0x0000000081800000, 0x0000000100000000)
  region size 1024K, 51 young (52224K), 6 survivors (6144K)
 Metaspace       used 76263K, capacity 78202K, committed 78344K, reserved 1118208K
  class space    used 10007K, capacity 10732K, committed 10752K, reserved 1048576K
Heap Regions: E=young(eden), S=young(survivor), O=old, HS=humongous(starts), HC=humongous(continues), CS=collection set, F=free, A=archive, TAMS=top-at-mark-start (previous, next)
|   0|0x0000000081800000, 0x0000000081900000, 0x0000000081900000|100%|HS|  |TAMS 0x0000000081900000, 0x0000000081800000| Complete 
|   1|0x0000000081900000, 0x0000000081a00000, 0x0000000081a00000|100%| O|  |TAMS 0x0000000081a00000, 0x0000000081900000| Untracked 
|   2|0x0000000081a00000, 0x0000000081b00000, 0x0000000081b00000|100%| O|  |TAMS 0x0000000081b00000, 0x0000000081a00000| Untracked 
|   3|0x0000000081b00000, 0x0000000081c00000, 0x0000000081c00000|100%| O|  |TAMS 0x0000000081c00000, 0x0000000081b00000| Untracked 
|   4|0x0000000081c00000, 0x0000000081d00000, 0x0000000081d00000|100%| O|  |TAMS 0x0000000081d00000, 0x0000000081c00000| Untracked 
|   5|0x0000000081d00000, 0x0000000081e00000, 0x0000000081e00000|100%| O|  |TAMS 0x0000000081e00000, 0x0000000081d00000| Untracked 
|   6|0x0000000081e00000, 0x0000000081f00000, 0x0000000081f00000|100%| O|  |TAMS 0x0000000081f00000, 0x0000000081e00000| Untracked 
|   7|0x0000000081f00000, 0x0000000082000000, 0x0000000082000000|100%| O|  |TAMS 0x0000000082000000, 0x0000000081f00000| Untracked 
|   8|0x0000000082000000, 0x0000000082100000, 0x0000000082100000|100%| O|  |TAMS 0x0000000082100000, 0x0000000082000000| Untracked 
|   9|0x0000000082100000, 0x0000000082200000, 0x0000000082200000|100%| O|  |TAMS 0x0000000082200000, 0x0000000082100000| Untracked 
|  10|0x0000000082200000, 0x0000000082300000, 0x0000000082300000|100%| O|  |TAMS 0x0000000082300000, 0x0000000082200000| Untracked 
|  11|0x0000000082300000, 0x0000000082400000, 0x0000000082400000|100%| O|  |TAMS 0x0000000082400000, 0x0000000082300000| Untracked 
|  12|0x0000000082400000, 0x0000000082500000, 0x0000000082500000|100%| O|  |TAMS 0x0000000082500000, 0x0000000082400000| Untracked 
|  13|0x0000000082500000, 0x0000000082600000, 0x0000000082600000|100%| O|  |TAMS 0x0000000082600000, 0x0000000082500000| Untracked 
|  14|0x0000000082600000, 0x0000000082700000, 0x0000000082700000|100%| O|  |TAMS 0x0000000082700000, 0x0000000082600000| Untracked 
|  15|0x0000000082700000, 0x0000000082800000, 0x0000000082800000|100%| O|  |TAMS 0x0000000082800000, 0x0000000082700000| Untracked 
|  16|0x0000000082800000, 0x0000000082900000, 0x0000000082900000|100%| O|  |TAMS 0x0000000082900000, 0x0000000082800000| Untracked 
|  17|0x0000000082900000, 0x0000000082a00000, 0x0000000082a00000|100%| O|  |TAMS 0x0000000082a00000, 0x0000000082900000| Untracked 
|  18|0x0000000082a00000, 0x0000000082b00000, 0x0000000082b00000|100%| O|  |TAMS 0x0000000082b00000, 0x0000000082a00000| Untracked 
|  19|0x0000000082b00000, 0x0000000082c00000, 0x0000000082c00000|100%| O|  |TAMS 0x0000000082c00000, 0x0000000082b00000| Untracked 
|  20|0x0000000082c00000, 0x0000000082d00000, 0x0000000082d00000|100%| O|  |TAMS 0x0000000082d00000, 0x0000000082c00000| Untracked 
|  21|0x0000000082d00000, 0x0000000082e00000, 0x0000000082e00000|100%| O|  |TAMS 0x0000000082e00000, 0x0000000082d00000| Untracked 
|  22|0x0000000082e00000, 0x0000000082f00000, 0x0000000082f00000|100%| O|  |TAMS 0x0000000082f00000, 0x0000000082e00000| Untracked 
|  23|0x0000000082f00000, 0x0000000083000000, 0x0000000083000000|100%| O|  |TAMS 0x0000000083000000, 0x0000000082f00000| Untracked 
|  24|0x0000000083000000, 0x0000000083100000, 0x0000000083100000|100%| O|  |TAMS 0x0000000083100000, 0x0000000083000000| Untracked 
|  25|0x0000000083100000, 0x0000000083200000, 0x0000000083200000|100%| O|  |TAMS 0x0000000083200000, 0x0000000083100000| Untracked 
|  26|0x0000000083200000, 0x0000000083300000, 0x0000000083300000|100%| O|  |TAMS 0x0000000083300000, 0x0000000083200000| Untracked 
|  27|0x0000000083300000, 0x0000000083400000, 0x0000000083400000|100%| O|  |TAMS 0x0000000083400000, 0x0000000083300000| Untracked 
|  28|0x0000000083400000, 0x0000000083500000, 0x0000000083500000|100%| O|  |TAMS 0x0000000083500000, 0x0000000083400000| Untracked 
|  29|0x0000000083500000, 0x0000000083600000, 0x0000000083600000|100%| O|  |TAMS 0x0000000083600000, 0x0000000083500000| Untracked 
|  30|0x0000000083600000, 0x0000000083700000, 0x0000000083700000|100%| O|  |TAMS 0x0000000083700000, 0x0000000083600000| Untracked 
|  31|0x0000000083700000, 0x0000000083800000, 0x0000000083800000|100%| O|  |TAMS 0x0000000083800000, 0x0000000083700000| Untracked 
|  32|0x0000000083800000, 0x0000000083900000, 0x0000000083900000|100%| O|  |TAMS 0x0000000083900000, 0x0000000083800000| Untracked 
|  33|0x0000000083900000, 0x0000000083a00000, 0x0000000083a00000|100%| O|  |TAMS 0x0000000083a00000, 0x0000000083900000| Untracked 
|  34|0x0000000083a00000, 0x0000000083b00000, 0x0000000083b00000|100%| O|  |TAMS 0x0000000083b00000, 0x0000000083a00000| Untracked 
|  35|0x0000000083b00000, 0x0000000083c00000, 0x0000000083c00000|100%| O|  |TAMS 0x0000000083bb5600, 0x0000000083b00000| Untracked 
|  36|0x0000000083c00000, 0x0000000083d00000, 0x0000000083d00000|100%| O|  |TAMS 0x0000000083c00000, 0x0000000083c00000| Untracked 
|  37|0x0000000083d00000, 0x0000000083e00000, 0x0000000083e00000|100%| O|  |TAMS 0x0000000083d00000, 0x0000000083d00000| Untracked 
|  38|0x0000000083e00000, 0x0000000083f00000, 0x0000000083f00000|100%| O|  |TAMS 0x0000000083e00000, 0x0000000083e00000| Untracked 
|  39|0x0000000083f00000, 0x0000000084000000, 0x0000000084000000|100%| O|  |TAMS 0x0000000083f00000, 0x0000000083f00000| Untracked 
|  40|0x0000000084000000, 0x0000000084100000, 0x0000000084100000|100%| O|  |TAMS 0x0000000084000000, 0x0000000084000000| Untracked 
|  41|0x0000000084100000, 0x0000000084200000, 0x0000000084200000|100%| O|  |TAMS 0x0000000084100000, 0x0000000084100000| Untracked 
|  42|0x0000000084200000, 0x0000000084300000, 0x0000000084300000|100%| O|  |TAMS 0x0000000084200000, 0x0000000084200000| Untracked 
|  43|0x0000000084300000, 0x0000000084400000, 0x0000000084400000|100%| O|  |TAMS 0x0000000084300000, 0x0000000084300000| Untracked 
|  44|0x0000000084400000, 0x0000000084500000, 0x0000000084500000|100%| O|  |TAMS 0x0000000084400000, 0x0000000084400000| Untracked 
|  45|0x0000000084500000, 0x0000000084600000, 0x0000000084600000|100%| O|  |TAMS 0x0000000084500000, 0x0000000084500000| Untracked 
|  46|0x0000000084600000, 0x0000000084700000, 0x0000000084700000|100%| O|  |TAMS 0x0000000084600000, 0x0000000084600000| Untracked 
|  47|0x0000000084700000, 0x0000000084800000, 0x0000000084800000|100%| O|  |TAMS 0x0000000084700000, 0x0000000084700000| Untracked 
|  48|0x0000000084800000, 0x0000000084800000, 0x0000000084900000|  0%| F|  |TAMS 0x0000000084800000, 0x0000000084800000| Untracked 
|  49|0x0000000084900000, 0x0000000084900000, 0x0000000084a00000|  0%| F|  |TAMS 0x0000000084900000, 0x0000000084900000| Untracked 
|  50|0x0000000084a00000, 0x0000000084a00000, 0x0000000084b00000|  0%| F|  |TAMS 0x0000000084a00000, 0x0000000084a00000| Untracked 
|  51|0x0000000084b00000, 0x0000000084b00000, 0x0000000084c00000|  0%| F|  |TAMS 0x0000000084b00000, 0x0000000084b00000| Untracked 
|  52|0x0000000084c00000, 0x0000000084c00000, 0x0000000084d00000|  0%| F|  |TAMS 0x0000000084c00000, 0x0000000084c00000| Untracked 
|  53|0x0000000084d00000, 0x0000000084d00000, 0x0000000084e00000|  0%| F|  |TAMS 0x0000000084d00000, 0x0000000084d00000| Untracked 
|  54|0x0000000084e00000, 0x0000000084e00000, 0x0000000084f00000|  0%| F|  |TAMS 0x0000000084e00000, 0x0000000084e00000| Untracked 
|  55|0x0000000084f00000, 0x0000000084f00000, 0x0000000085000000|  0%| F|  |TAMS 0x0000000084f00000, 0x0000000084f00000| Untracked 
|  56|0x0000000085000000, 0x0000000085000000, 0x0000000085100000|  0%| F|  |TAMS 0x0000000085000000, 0x0000000085000000| Untracked 
|  57|0x0000000085100000, 0x0000000085100000, 0x0000000085200000|  0%| F|  |TAMS 0x0000000085100000, 0x0000000085100000| Untracked 
|  58|0x0000000085200000, 0x0000000085200000, 0x0000000085300000|  0%| F|  |TAMS 0x0000000085200000, 0x0000000085200000| Untracked 
|  59|0x0000000085300000, 0x0000000085300000, 0x0000000085400000|  0%| F|  |TAMS 0x0000000085300000, 0x0000000085300000| Untracked 
|  60|0x0000000085400000, 0x0000000085400000, 0x0000000085500000|  0%| F|  |TAMS 0x0000000085400000, 0x0000000085400000| Untracked 
|  61|0x0000000085500000, 0x0000000085500000, 0x0000000085600000|  0%| F|  |TAMS 0x0000000085500000, 0x0000000085500000| Untracked 
|  62|0x0000000085600000, 0x0000000085600000, 0x0000000085700000|  0%| F|  |TAMS 0x0000000085600000, 0x0000000085600000| Untracked 
|  63|0x0000000085700000, 0x0000000085700000, 0x0000000085800000|  0%| F|  |TAMS 0x0000000085700000, 0x0000000085700000| Untracked 
|  64|0x0000000085800000, 0x0000000085800000, 0x0000000085900000|  0%| F|  |TAMS 0x0000000085800000, 0x0000000085800000| Untracked 
|  65|0x0000000085900000, 0x0000000085900000, 0x0000000085a00000|  0%| F|  |TAMS 0x0000000085900000, 0x0000000085900000| Untracked 
|  66|0x0000000085a00000, 0x0000000085a00000, 0x0000000085b00000|  0%| F|  |TAMS 0x0000000085a00000, 0x0000000085a00000| Untracked 
|  67|0x0000000085b00000, 0x0000000085b00000, 0x0000000085c00000|  0%| F|  |TAMS 0x0000000085b00000, 0x0000000085b00000| Untracked 
|  68|0x0000000085c00000, 0x0000000085c00000, 0x0000000085d00000|  0%| F|  |TAMS 0x0000000085c00000, 0x0000000085c00000| Untracked 
|  69|0x0000000085d00000, 0x0000000085d00000, 0x0000000085e00000|  0%| F|  |TAMS 0x0000000085d00000, 0x0000000085d00000| Untracked 
|  70|0x0000000085e00000, 0x0000000085e00000, 0x0000000085f00000|  0%| F|  |TAMS 0x0000000085e00000, 0x0000000085e00000| Untracked 
|  71|0x0000000085f00000, 0x0000000085f00000, 0x0000000086000000|  0%| F|  |TAMS 0x0000000085f00000, 0x0000000085f00000| Untracked 
|  72|0x0000000086000000, 0x00000000860bf9a0, 0x0000000086100000| 74%| S|  |TAMS 0x0000000086000000, 0x0000000086000000| Complete 
|  73|0x0000000086100000, 0x0000000086200000, 0x0000000086200000|100%| S|  |TAMS 0x0000000086100000, 0x0000000086100000| Complete 
|  74|0x0000000086200000, 0x0000000086300000, 0x0000000086300000|100%| S|  |TAMS 0x0000000086200000, 0x0000000086200000| Complete 
|  75|0x0000000086300000, 0x0000000086400000, 0x0000000086400000|100%| S|  |TAMS 0x0000000086300000, 0x0000000086300000| Complete 
|  76|0x0000000086400000, 0x0000000086500000, 0x0000000086500000|100%| S|  |TAMS 0x0000000086400000, 0x0000000086400000| Complete 
|  77|0x0000000086500000, 0x0000000086500000, 0x0000000086600000|  0%| F|  |TAMS 0x0000000086500000, 0x0000000086500000| Untracked 
|  78|0x0000000086600000, 0x0000000086600000, 0x0000000086700000|  0%| F|  |TAMS 0x0000000086600000, 0x0000000086600000| Untracked 
|  79|0x0000000086700000, 0x0000000086700000, 0x0000000086800000|  0%| F|  |TAMS 0x0000000086700000, 0x0000000086700000| Untracked 
|  80|0x0000000086800000, 0x0000000086800000, 0x0000000086900000|  0%| F|  |TAMS 0x0000000086800000, 0x0000000086800000| Untracked 
|  81|0x0000000086900000, 0x0000000086a00000, 0x0000000086a00000|100%| S|  |TAMS 0x0000000086900000, 0x0000000086900000| Complete 
|  82|0x0000000086a00000, 0x0000000086a00000, 0x0000000086b00000|  0%| F|  |TAMS 0x0000000086a00000, 0x0000000086a00000| Untracked 
|  83|0x0000000086b00000, 0x0000000086b00000, 0x0000000086c00000|  0%| F|  |TAMS 0x0000000086b00000, 0x0000000086b00000| Untracked 
|  84|0x0000000086c00000, 0x0000000086c00000, 0x0000000086d00000|  0%| F|  |TAMS 0x0000000086c00000, 0x0000000086c00000| Untracked 
|  85|0x0000000086d00000, 0x0000000086d00000, 0x0000000086e00000|  0%| F|  |TAMS 0x0000000086d00000, 0x0000000086d00000| Untracked 
|  86|0x0000000086e00000, 0x0000000086e00000, 0x0000000086f00000|  0%| F|  |TAMS 0x0000000086e00000, 0x0000000086e00000| Untracked 
|  87|0x0000000086f00000, 0x0000000086f00000, 0x0000000087000000|  0%| F|  |TAMS 0x0000000086f00000, 0x0000000086f00000| Untracked 
|  88|0x0000000087000000, 0x0000000087000000, 0x0000000087100000|  0%| F|  |TAMS 0x0000000087000000, 0x0000000087000000| Untracked 
|  89|0x0000000087100000, 0x0000000087100000, 0x0000000087200000|  0%| F|  |TAMS 0x0000000087100000, 0x0000000087100000| Untracked 
|  90|0x0000000087200000, 0x0000000087200000, 0x0000000087300000|  0%| F|  |TAMS 0x0000000087200000, 0x0000000087200000| Untracked 
|  91|0x0000000087300000, 0x0000000087300000, 0x0000000087400000|  0%| F|  |TAMS 0x0000000087300000, 0x0000000087300000| Untracked 
|  92|0x0000000087400000, 0x0000000087400000, 0x0000000087500000|  0%| F|  |TAMS 0x0000000087400000, 0x0000000087400000| Untracked 
|  93|0x0000000087500000, 0x0000000087500000, 0x0000000087600000|  0%| F|  |TAMS 0x0000000087500000, 0x0000000087500000| Untracked 
|  94|0x0000000087600000, 0x0000000087600000, 0x0000000087700000|  0%| F|  |TAMS 0x0000000087600000, 0x0000000087600000| Untracked 
|  95|0x0000000087700000, 0x0000000087700000, 0x0000000087800000|  0%| F|  |TAMS 0x0000000087700000, 0x0000000087700000| Untracked 
|  96|0x0000000087800000, 0x0000000087800000, 0x0000000087900000|  0%| F|  |TAMS 0x0000000087800000, 0x0000000087800000| Untracked 
|  97|0x0000000087900000, 0x0000000087900000, 0x0000000087a00000|  0%| F|  |TAMS 0x0000000087900000, 0x0000000087900000| Untracked 
|  98|0x0000000087a00000, 0x0000000087a00000, 0x0000000087b00000|  0%| F|  |TAMS 0x0000000087a00000, 0x0000000087a00000| Untracked 
|  99|0x0000000087b00000, 0x0000000087b00000, 0x0000000087c00000|  0%| F|  |TAMS 0x0000000087b00000, 0x0000000087b00000| Untracked 
| 100|0x0000000087c00000, 0x0000000087c00000, 0x0000000087d00000|  0%| F|  |TAMS 0x0000000087c00000, 0x0000000087c00000| Untracked 
| 101|0x0000000087d00000, 0x0000000087d00000, 0x0000000087e00000|  0%| F|  |TAMS 0x0000000087d00000, 0x0000000087d00000| Untracked 
| 102|0x0000000087e00000, 0x0000000087e00000, 0x0000000087f00000|  0%| F|  |TAMS 0x0000000087e00000, 0x0000000087e00000| Untracked 
| 103|0x0000000087f00000, 0x0000000087f00000, 0x0000000088000000|  0%| F|  |TAMS 0x0000000087f00000, 0x0000000087f00000| Untracked 
| 104|0x0000000088000000, 0x0000000088000000, 0x0000000088100000|  0%| F|  |TAMS 0x0000000088000000, 0x0000000088000000| Untracked 
| 105|0x0000000088100000, 0x0000000088100000, 0x0000000088200000|  0%| F|  |TAMS 0x0000000088100000, 0x0000000088100000| Untracked 
| 106|0x0000000088200000, 0x0000000088200000, 0x0000000088300000|  0%| F|  |TAMS 0x0000000088200000, 0x0000000088200000| Untracked 
| 107|0x0000000088300000, 0x0000000088300000, 0x0000000088400000|  0%| F|  |TAMS 0x0000000088300000, 0x0000000088300000| Untracked 
| 108|0x0000000088400000, 0x0000000088400000, 0x0000000088500000|  0%| F|  |TAMS 0x0000000088400000, 0x0000000088400000| Untracked 
| 109|0x0000000088500000, 0x0000000088600000, 0x0000000088600000|100%| E|  |TAMS 0x0000000088500000, 0x0000000088500000| Complete 
| 110|0x0000000088600000, 0x0000000088700000, 0x0000000088700000|100%| E|  |TAMS 0x0000000088600000, 0x0000000088600000| Complete 
| 111|0x0000000088700000, 0x0000000088800000, 0x0000000088800000|100%| E|  |TAMS 0x0000000088700000, 0x0000000088700000| Complete 
| 112|0x0000000088800000, 0x0000000088900000, 0x0000000088900000|100%| E|  |TAMS 0x0000000088800000, 0x0000000088800000| Complete 
| 113|0x0000000088900000, 0x0000000088a00000, 0x0000000088a00000|100%| E|  |TAMS 0x0000000088900000, 0x0000000088900000| Complete 
| 114|0x0000000088a00000, 0x0000000088b00000, 0x0000000088b00000|100%| E|  |TAMS 0x0000000088a00000, 0x0000000088a00000| Complete 
| 115|0x0000000088b00000, 0x0000000088c00000, 0x0000000088c00000|100%| E|  |TAMS 0x0000000088b00000, 0x0000000088b00000| Complete 
| 116|0x0000000088c00000, 0x0000000088d00000, 0x0000000088d00000|100%| E|  |TAMS 0x0000000088c00000, 0x0000000088c00000| Complete 
| 117|0x0000000088d00000, 0x0000000088e00000, 0x0000000088e00000|100%| E|  |TAMS 0x0000000088d00000, 0x0000000088d00000| Complete 
| 118|0x0000000088e00000, 0x0000000088f00000, 0x0000000088f00000|100%| E|  |TAMS 0x0000000088e00000, 0x0000000088e00000| Complete 
| 119|0x0000000088f00000, 0x0000000089000000, 0x0000000089000000|100%| E|  |TAMS 0x0000000088f00000, 0x0000000088f00000| Complete 
| 120|0x0000000089000000, 0x0000000089100000, 0x0000000089100000|100%| E|  |TAMS 0x0000000089000000, 0x0000000089000000| Complete 
| 121|0x0000000089100000, 0x0000000089200000, 0x0000000089200000|100%| E|  |TAMS 0x0000000089100000, 0x0000000089100000| Complete 
| 122|0x0000000089200000, 0x0000000089300000, 0x0000000089300000|100%| E|  |TAMS 0x0000000089200000, 0x0000000089200000| Complete 
| 123|0x0000000089300000, 0x0000000089400000, 0x0000000089400000|100%| E|  |TAMS 0x0000000089300000, 0x0000000089300000| Complete 
| 124|0x0000000089400000, 0x0000000089500000, 0x0000000089500000|100%| E|  |TAMS 0x0000000089400000, 0x0000000089400000| Complete 
| 125|0x0000000089500000, 0x0000000089600000, 0x0000000089600000|100%| E|  |TAMS 0x0000000089500000, 0x0000000089500000| Complete 
| 126|0x0000000089600000, 0x0000000089700000, 0x0000000089700000|100%| E|  |TAMS 0x0000000089600000, 0x0000000089600000| Complete 
| 127|0x0000000089700000, 0x0000000089800000, 0x0000000089800000|100%| E|  |TAMS 0x0000000089700000, 0x0000000089700000| Complete 
| 128|0x0000000089800000, 0x0000000089900000, 0x0000000089900000|100%| E|  |TAMS 0x0000000089800000, 0x0000000089800000| Complete 
| 129|0x0000000089900000, 0x0000000089a00000, 0x0000000089a00000|100%| E|  |TAMS 0x0000000089900000, 0x0000000089900000| Complete 
| 130|0x0000000089a00000, 0x0000000089b00000, 0x0000000089b00000|100%| E|  |TAMS 0x0000000089a00000, 0x0000000089a00000| Complete 
| 131|0x0000000089b00000, 0x0000000089c00000, 0x0000000089c00000|100%| E|  |TAMS 0x0000000089b00000, 0x0000000089b00000| Complete 
| 132|0x0000000089c00000, 0x0000000089d00000, 0x0000000089d00000|100%| E|  |TAMS 0x0000000089c00000, 0x0000000089c00000| Complete 
| 133|0x0000000089d00000, 0x0000000089e00000, 0x0000000089e00000|100%| E|  |TAMS 0x0000000089d00000, 0x0000000089d00000| Complete 
| 134|0x0000000089e00000, 0x0000000089f00000, 0x0000000089f00000|100%| E|  |TAMS 0x0000000089e00000, 0x0000000089e00000| Complete 
| 135|0x0000000089f00000, 0x000000008a000000, 0x000000008a000000|100%| E|  |TAMS 0x0000000089f00000, 0x0000000089f00000| Complete 
| 136|0x000000008a000000, 0x000000008a100000, 0x000000008a100000|100%| E|  |TAMS 0x000000008a000000, 0x000000008a000000| Complete 
| 137|0x000000008a100000, 0x000000008a200000, 0x000000008a200000|100%| E|  |TAMS 0x000000008a100000, 0x000000008a100000| Complete 
| 138|0x000000008a200000, 0x000000008a300000, 0x000000008a300000|100%| E|  |TAMS 0x000000008a200000, 0x000000008a200000| Complete 
| 139|0x000000008a300000, 0x000000008a400000, 0x000000008a400000|100%| E|  |TAMS 0x000000008a300000, 0x000000008a300000| Complete 
| 140|0x000000008a400000, 0x000000008a500000, 0x000000008a500000|100%| E|  |TAMS 0x000000008a400000, 0x000000008a400000| Complete 
| 141|0x000000008a500000, 0x000000008a600000, 0x000000008a600000|100%| E|  |TAMS 0x000000008a500000, 0x000000008a500000| Complete 
| 142|0x000000008a600000, 0x000000008a700000, 0x000000008a700000|100%| E|  |TAMS 0x000000008a600000, 0x000000008a600000| Complete 
| 143|0x000000008a700000, 0x000000008a800000, 0x000000008a800000|100%| E|  |TAMS 0x000000008a700000, 0x000000008a700000| Complete 
| 144|0x000000008a800000, 0x000000008a900000, 0x000000008a900000|100%| E|  |TAMS 0x000000008a800000, 0x000000008a800000| Complete 
| 145|0x000000008a900000, 0x000000008aa00000, 0x000000008aa00000|100%| E|  |TAMS 0x000000008a900000, 0x000000008a900000| Complete 
| 146|0x000000008aa00000, 0x000000008ab00000, 0x000000008ab00000|100%| E|  |TAMS 0x000000008aa00000, 0x000000008aa00000| Complete 
| 147|0x000000008ab00000, 0x000000008ac00000, 0x000000008ac00000|100%| E|  |TAMS 0x000000008ab00000, 0x000000008ab00000| Complete 
| 148|0x000000008ac00000, 0x000000008ad00000, 0x000000008ad00000|100%| E|  |TAMS 0x000000008ac00000, 0x000000008ac00000| Complete 
| 149|0x000000008ad00000, 0x000000008ae00000, 0x000000008ae00000|100%| E|  |TAMS 0x000000008ad00000, 0x000000008ad00000| Complete 
| 150|0x000000008ae00000, 0x000000008af00000, 0x000000008af00000|100%| E|  |TAMS 0x000000008ae00000, 0x000000008ae00000| Complete 
| 151|0x000000008af00000, 0x000000008b000000, 0x000000008b000000|100%| E|  |TAMS 0x000000008af00000, 0x000000008af00000| Complete 
| 152|0x000000008b000000, 0x000000008b100000, 0x000000008b100000|100%| E|  |TAMS 0x000000008b000000, 0x000000008b000000| Complete 
| 153|0x000000008b100000, 0x000000008b200000, 0x000000008b200000|100%| E|  |TAMS 0x000000008b100000, 0x000000008b100000| Complete 

Card table byte_map: [0x0000026f76990000,0x0000026f76d90000] _byte_map_base: 0x0000026f76584000

Marking Bits (Prev, Next): (CMBitMap*) 0x0000026f6e2086e0, (CMBitMap*) 0x0000026f6e2086a8
 Prev Bits: [0x0000026f79130000, 0x0000026f7b0d0000)
 Next Bits: [0x0000026f77190000, 0x0000026f79130000)

Polling page: 0x0000026f6bfe0000

Metaspace:

Usage:
  Non-class:     65.89 MB capacity,    64.70 MB ( 98%) used,   983.95 KB (  1%) free+waste,   229.50 KB ( <1%) overhead. 
      Class:     10.48 MB capacity,     9.77 MB ( 93%) used,   615.82 KB (  6%) free+waste,   109.06 KB (  1%) overhead. 
       Both:     76.37 MB capacity,    74.48 MB ( 98%) used,     1.56 MB (  2%) free+waste,   338.56 KB ( <1%) overhead. 

Virtual space:
  Non-class space:       68.00 MB reserved,      66.01 MB ( 97%) committed 
      Class space:        1.00 GB reserved,      10.50 MB (  1%) committed 
             Both:        1.07 GB reserved,      76.51 MB (  7%) committed 

Chunk freelists:
   Non-Class:  256 bytes
       Class:  0 bytes
        Both:  256 bytes

CodeHeap 'non-profiled nmethods': size=238912Kb used=13349Kb max_used=13349Kb free=225562Kb
 bounds [0x0000026f006b0000, 0x0000026f013c0000, 0x0000026f0f000000]
CodeHeap 'non-nmethods': size=6848Kb used=1281Kb max_used=1281Kb free=5566Kb
 bounds [0x0000026f00000000, 0x0000026f00270000, 0x0000026f006b0000]
 total_blobs=8765 nmethods=8000 adapters=585
 compilation: enabled
              stopped_count=0, restarted_count=0
 full_count=0

Compilation events (10 events):
Event: 348.514 Thread 0x0000026f7de69800 8085       1       org.firebirdsql.gds.ng.wire.WireConnection::access$000 (5 bytes)
Event: 348.515 Thread 0x0000026f7de69800 nmethod 8085 0x0000026f013b7710 code [0x0000026f013b78a0, 0x0000026f013b7998]
Event: 348.520 Thread 0x0000026f7de69800 8086   !   1       org.springframework.beans.factory.support.DefaultSingletonBeanRegistry::destroyBean (385 bytes)
Event: 348.521 Thread 0x0000026f7de69800 nmethod 8086 0x0000026f013b7a10 code [0x0000026f013b7e00, 0x0000026f013b9060]
Event: 348.754 Thread 0x0000026f7de69800 8087  s    1       org.apache.catalina.util.LifecycleBase::setStateInternal (144 bytes)
Event: 348.755 Thread 0x0000026f7de69800 nmethod 8087 0x0000026f013b9a10 code [0x0000026f013b9c40, 0x0000026f013ba430]
Event: 348.757 Thread 0x0000026f7de69800 8088       1       javax.management.ObjectName::hashCode (8 bytes)
Event: 348.757 Thread 0x0000026f7de69800 nmethod 8088 0x0000026f013ba790 code [0x0000026f013ba940, 0x0000026f013baa90]
Event: 348.758 Thread 0x0000026f7de69800 8089   !   1       org.apache.catalina.core.ContainerBase::findChildren (42 bytes)
Event: 348.758 Thread 0x0000026f7de69800 nmethod 8089 0x0000026f013bab10 code [0x0000026f013bace0, 0x0000026f013bb0e0]

GC Heap History (10 events):
Event: 12.114 GC heap after
{Heap after GC invocations=15 (full 0):
 garbage-first heap   total 157696K, used 41316K [0x0000000081800000, 0x0000000100000000)
  region size 1024K, 8 young (8192K), 8 survivors (8192K)
 Metaspace       used 54500K, capacity 55876K, committed 56016K, reserved 1097728K
  class space    used 7150K, capacity 7683K, committed 7808K, reserved 1048576K
}
Event: 12.557 GC heap before
{Heap before GC invocations=15 (full 0):
 garbage-first heap   total 157696K, used 71012K [0x0000000081800000, 0x0000000100000000)
  region size 1024K, 38 young (38912K), 8 survivors (8192K)
 Metaspace       used 58598K, capacity 60134K, committed 60296K, reserved 1101824K
  class space    used 7655K, capacity 8272K, committed 8320K, reserved 1048576K
}
Event: 12.565 GC heap after
{Heap after GC invocations=16 (full 0):
 garbage-first heap   total 157696K, used 43413K [0x0000000081800000, 0x0000000100000000)
  region size 1024K, 7 young (7168K), 7 survivors (7168K)
 Metaspace       used 58598K, capacity 60134K, committed 60296K, reserved 1101824K
  class space    used 7655K, capacity 8272K, committed 8320K, reserved 1048576K
}
Event: 13.950 GC heap before
{Heap before GC invocations=17 (full 0):
 garbage-first heap   total 157696K, used 125333K [0x0000000081800000, 0x0000000100000000)
  region size 1024K, 87 young (89088K), 7 survivors (7168K)
 Metaspace       used 64326K, capacity 66099K, committed 66184K, reserved 1105920K
  class space    used 8378K, capacity 9060K, committed 9088K, reserved 1048576K
}
Event: 13.961 GC heap after
{Heap after GC invocations=18 (full 0):
 garbage-first heap   total 157696K, used 49883K [0x0000000081800000, 0x0000000100000000)
  region size 1024K, 11 young (11264K), 11 survivors (11264K)
 Metaspace       used 64326K, capacity 66099K, committed 66184K, reserved 1105920K
  class space    used 8378K, capacity 9060K, committed 9088K, reserved 1048576K
}
Event: 14.670 GC heap before
{Heap before GC invocations=18 (full 0):
 garbage-first heap   total 157696K, used 124635K [0x0000000081800000, 0x0000000100000000)
  region size 1024K, 84 young (86016K), 11 survivors (11264K)
 Metaspace       used 68330K, capacity 70128K, committed 70408K, reserved 1110016K
  class space    used 8967K, capacity 9664K, committed 9728K, reserved 1048576K
}
Event: 14.681 GC heap after
{Heap after GC invocations=19 (full 0):
 garbage-first heap   total 157696K, used 53248K [0x0000000081800000, 0x0000000100000000)
  region size 1024K, 4 young (4096K), 4 survivors (4096K)
 Metaspace       used 68330K, capacity 70128K, committed 70408K, reserved 1110016K
  class space    used 8967K, capacity 9664K, committed 9728K, reserved 1048576K
}
Event: 53.866 GC heap before
{Heap before GC invocations=19 (full 0):
 garbage-first heap   total 157696K, used 125952K [0x0000000081800000, 0x0000000100000000)
  region size 1024K, 76 young (77824K), 4 survivors (4096K)
 Metaspace       used 72971K, capacity 74885K, committed 75144K, reserved 1114112K
  class space    used 9584K, capacity 10289K, committed 10368K, reserved 1048576K
}
Event: 53.875 GC heap after
{Heap after GC invocations=20 (full 0):
 garbage-first heap   total 157696K, used 55038K [0x0000000081800000, 0x0000000100000000)
  region size 1024K, 6 young (6144K), 6 survivors (6144K)
 Metaspace       used 72971K, capacity 74885K, committed 75144K, reserved 1114112K
  class space    used 9584K, capacity 10289K, committed 10368K, reserved 1048576K
}
Event: 348.758 GC heap before
{Heap before GC invocations=20 (full 0):
 garbage-first heap   total 157696K, used 99070K [0x0000000081800000, 0x0000000100000000)
  region size 1024K, 51 young (52224K), 6 survivors (6144K)
 Metaspace       used 76263K, capacity 78202K, committed 78344K, reserved 1118208K
  class space    used 10007K, capacity 10732K, committed 10752K, reserved 1048576K
}

Deoptimization events (0 events):
No events

Classes redefined (0 events):
No events

Internal exceptions (10 events):
Event: 20.690 Thread 0x0000026f7fa97800 Exception <a 'java/lang/ClassNotFoundException'{0x0000000088574480}: org/springframework/boot/actuate/endpoint/jmx/DataEndpointMBean> (0x0000000088574480) thrown at [./open/src/hotspot/share/classfile/systemDictionary.cpp, line 228]
Event: 20.690 Thread 0x0000026f7fa97800 Exception <a 'java/lang/ClassNotFoundException'{0x0000000088574820}: org/springframework/context/support/LiveBeansView> (0x0000000088574820) thrown at [./open/src/hotspot/share/classfile/systemDictionary.cpp, line 228]
Event: 20.690 Thread 0x0000026f7fa97800 Exception <a 'java/lang/ClassNotFoundException'{0x0000000088574be0}: org/springframework/boot/actuate/endpoint/jmx/EndpointMBean> (0x0000000088574be0) thrown at [./open/src/hotspot/share/classfile/systemDictionary.cpp, line 228]
Event: 20.690 Thread 0x0000026f7fa97800 Exception <a 'java/lang/ClassNotFoundException'{0x0000000088574fa0}: org/springframework/boot/actuate/endpoint/jmx/DataEndpointMBean> (0x0000000088574fa0) thrown at [./open/src/hotspot/share/classfile/systemDictionary.cpp, line 228]
Event: 20.690 Thread 0x0000026f7fa97800 Exception <a 'java/lang/ClassNotFoundException'{0x0000000088575358}: org/springframework/context/support/LiveBeansView> (0x0000000088575358) thrown at [./open/src/hotspot/share/classfile/systemDictionary.cpp, line 228]
Event: 55.337 Thread 0x0000026f1482b000 Exception <a 'java/lang/reflect/InvocationTargetException'{0x000000008a9a53e0}> (0x000000008a9a53e0) thrown at [./open/src/hotspot/share/runtime/reflection.cpp, line 1242]
Event: 55.340 Thread 0x0000026f1482b000 Exception <a 'java/lang/reflect/InvocationTargetException'{0x000000008a9be840}> (0x000000008a9be840) thrown at [./open/src/hotspot/share/runtime/reflection.cpp, line 1242]
Event: 55.354 Thread 0x0000026f1482b000 Exception <a 'java/lang/NoClassDefFoundError'{0x000000008a9dd508}: sun/reflect/Reflection> (0x000000008a9dd508) thrown at [./open/src/hotspot/share/classfile/systemDictionary.cpp, line 217]
Event: 348.468 Thread 0x0000026f10686000 Exception <a 'java/lang/InterruptedException'{0x000000008a3f5f40}: sleep interrupted> (0x000000008a3f5f40) thrown at [./open/src/hotspot/share/prims/jvm.cpp, line 3106]
Event: 348.757 Thread 0x0000026f10686800 Exception <a 'java/lang/InterruptedException'{0x00000000885f2e60}: sleep interrupted> (0x00000000885f2e60) thrown at [./open/src/hotspot/share/prims/jvm.cpp, line 3106]

Events (10 events):
Event: 348.757 Executing VM operation: RevokeBias
Event: 348.757 Executing VM operation: RevokeBias done
Event: 348.757 Executing VM operation: RevokeBias
Event: 348.757 Executing VM operation: RevokeBias done
Event: 348.757 Executing VM operation: RevokeBias
Event: 348.757 Executing VM operation: RevokeBias done
Event: 348.757 Thread 0x0000026f10686800 Thread exited: 0x0000026f10686800
Event: 348.757 Executing VM operation: RevokeBias
Event: 348.757 Executing VM operation: RevokeBias done
Event: 348.758 Executing VM operation: G1CollectFull


Dynamic libraries:
0x00007ff7b7cf0000 - 0x00007ff7b7d37000 	C:\Program Files\Java\jdk-11.0.7\bin\javaw.exe
0x00007ffb91990000 - 0x00007ffb91b85000 	C:\WINDOWS\SYSTEM32\ntdll.dll
0x00007ffb8fdc0000 - 0x00007ffb8fe7d000 	C:\WINDOWS\System32\KERNEL32.DLL
0x00007ffb8f4c0000 - 0x00007ffb8f787000 	C:\WINDOWS\System32\KERNELBASE.dll
0x00007ffb8fb60000 - 0x00007ffb8fc0a000 	C:\WINDOWS\System32\ADVAPI32.dll
0x00007ffb913e0000 - 0x00007ffb9147e000 	C:\WINDOWS\System32\msvcrt.dll
0x00007ffb90100000 - 0x00007ffb9019b000 	C:\WINDOWS\System32\sechost.dll
0x00007ffb90500000 - 0x00007ffb90624000 	C:\WINDOWS\System32\RPCRT4.dll
0x00007ffb8ff60000 - 0x00007ffb90100000 	C:\WINDOWS\System32\USER32.dll
0x00007ffb8f2b0000 - 0x00007ffb8f2d2000 	C:\WINDOWS\System32\win32u.dll
0x00007ffb90930000 - 0x00007ffb9095a000 	C:\WINDOWS\System32\GDI32.dll
0x00007ffb8f360000 - 0x00007ffb8f469000 	C:\WINDOWS\System32\gdi32full.dll
0x00007ffb8f790000 - 0x00007ffb8f82d000 	C:\WINDOWS\System32\msvcp_win.dll
0x00007ffb8f100000 - 0x00007ffb8f200000 	C:\WINDOWS\System32\ucrtbase.dll
0x00007ffb85910000 - 0x00007ffb85bab000 	C:\WINDOWS\WinSxS\amd64_microsoft.windows.common-controls_6595b64144ccf1df_6.0.19041.488_none_ca04af081b815d21\COMCTL32.dll
0x00007ffb87e30000 - 0x00007ffb87e3a000 	C:\WINDOWS\SYSTEM32\VERSION.dll
0x00007ffb8faa0000 - 0x00007ffb8fad0000 	C:\WINDOWS\System32\IMM32.DLL
0x00007ffb74cb0000 - 0x00007ffb74dca000 	C:\Program Files\Diebold\Warsaw\wslbscr64.dll
0x00007ffb90c30000 - 0x00007ffb91371000 	C:\WINDOWS\System32\SHELL32.dll
0x00007ffb8ddf0000 - 0x00007ffb8de23000 	C:\WINDOWS\SYSTEM32\ntmarta.dll
0x00007ffb758a0000 - 0x00007ffb7598f000 	C:\Program Files\Diebold\Warsaw\wslbscrwh64.dll
0x00007ffb796f0000 - 0x00007ffb79706000 	C:\Program Files\Java\jdk-11.0.7\bin\vcruntime140.dll
0x00007ffb73b10000 - 0x00007ffb73bba000 	C:\Program Files\Java\jdk-11.0.7\bin\msvcp140.dll
0x00007ffb5b9f0000 - 0x00007ffb5c551000 	C:\Program Files\Java\jdk-11.0.7\bin\server\jvm.dll
0x00007ffb8fb50000 - 0x00007ffb8fb58000 	C:\WINDOWS\System32\PSAPI.DLL
0x00007ffb808c0000 - 0x00007ffb808c9000 	C:\WINDOWS\SYSTEM32\WSOCK32.dll
0x00007ffb90750000 - 0x00007ffb907bb000 	C:\WINDOWS\System32\WS2_32.dll
0x00007ffb847f0000 - 0x00007ffb84817000 	C:\WINDOWS\SYSTEM32\WINMM.dll
0x00007ffb8cf70000 - 0x00007ffb8cf83000 	C:\WINDOWS\SYSTEM32\kernel.appcore.dll
0x00007ffb83c50000 - 0x00007ffb83c61000 	C:\Program Files\Java\jdk-11.0.7\bin\verify.dll
0x00007ffb81700000 - 0x00007ffb818e4000 	C:\WINDOWS\SYSTEM32\DBGHELP.DLL
0x00007ffb80760000 - 0x00007ffb8078c000 	C:\WINDOWS\SYSTEM32\dbgcore.DLL
0x0000026f6d8e0000 - 0x0000026f6d95f000 	C:\WINDOWS\System32\bcryptPrimitives.dll
0x00007ffb7f7d0000 - 0x00007ffb7f7f9000 	C:\Program Files\Java\jdk-11.0.7\bin\java.dll
0x00007ffb8ad90000 - 0x00007ffb8ad9a000 	C:\Program Files\Java\jdk-11.0.7\bin\jimage.dll
0x00007ffb83b40000 - 0x00007ffb83b56000 	C:\Program Files\Java\jdk-11.0.7\bin\zip.dll
0x00007ffb8d250000 - 0x00007ffb8d9e3000 	C:\WINDOWS\SYSTEM32\windows.storage.dll
0x0000026f7e310000 - 0x0000026f7e665000 	C:\WINDOWS\System32\combase.dll
0x00007ffb8ea60000 - 0x00007ffb8ea8c000 	C:\WINDOWS\SYSTEM32\Wldp.dll
0x00007ffb8f9f0000 - 0x00007ffb8fa9e000 	C:\WINDOWS\System32\SHCORE.dll
0x00007ffb918f0000 - 0x00007ffb91945000 	C:\WINDOWS\System32\shlwapi.dll
0x00007ffb8f000000 - 0x00007ffb8f026000 	C:\WINDOWS\SYSTEM32\profapi.dll
0x00007ffb7f7b0000 - 0x00007ffb7f7c9000 	C:\Program Files\Java\jdk-11.0.7\bin\net.dll
0x00007ffb86930000 - 0x00007ffb86a30000 	C:\WINDOWS\SYSTEM32\WINHTTP.dll
0x00007ffb8e7f0000 - 0x00007ffb8e85a000 	C:\WINDOWS\system32\mswsock.dll
0x00007ffb7f790000 - 0x00007ffb7f7a3000 	C:\Program Files\Java\jdk-11.0.7\bin\nio.dll
0x00007ffb8ae40000 - 0x00007ffb8ae49000 	C:\Program Files\Java\jdk-11.0.7\bin\management.dll
0x00007ffb8adb0000 - 0x00007ffb8adbc000 	C:\Program Files\Java\jdk-11.0.7\bin\management_ext.dll
0x00007ffb85d40000 - 0x00007ffb85d57000 	C:\WINDOWS\system32\napinsp.dll
0x00007ffb85d20000 - 0x00007ffb85d3b000 	C:\WINDOWS\system32\pnrpnsp.dll
0x00007ffb89e10000 - 0x00007ffb89e25000 	C:\WINDOWS\system32\wshbth.dll
0x00007ffb8a430000 - 0x00007ffb8a44d000 	C:\WINDOWS\system32\NLAapi.dll
0x00007ffb8e4e0000 - 0x00007ffb8e51b000 	C:\WINDOWS\SYSTEM32\IPHLPAPI.DLL
0x00007ffb8e520000 - 0x00007ffb8e5eb000 	C:\WINDOWS\SYSTEM32\DNSAPI.dll
0x00007ffb90630000 - 0x00007ffb90639000 	C:\WINDOWS\System32\NSI.dll
0x00007ffb86300000 - 0x00007ffb86312000 	C:\WINDOWS\System32\winrnr.dll
0x00007ffb86ee0000 - 0x00007ffb86eea000 	C:\Windows\System32\rasadhlp.dll
0x00007ffb89bc0000 - 0x00007ffb89c3f000 	C:\WINDOWS\System32\fwpuclnt.dll
0x00007ffb8f0d0000 - 0x00007ffb8f0f7000 	C:\WINDOWS\System32\bcrypt.dll
0x00007ffb8e9c0000 - 0x00007ffb8e9d8000 	C:\WINDOWS\SYSTEM32\CRYPTSP.dll
0x00007ffb8e180000 - 0x00007ffb8e1b4000 	C:\WINDOWS\system32\rsaenh.dll
0x00007ffb8efc0000 - 0x00007ffb8efee000 	C:\WINDOWS\SYSTEM32\USERENV.dll
0x00007ffb8ef70000 - 0x00007ffb8ef7c000 	C:\WINDOWS\SYSTEM32\CRYPTBASE.dll
0x00007ffb89e30000 - 0x00007ffb89e47000 	C:\WINDOWS\SYSTEM32\dhcpcsvc6.DLL
0x00007ffb89340000 - 0x00007ffb8935d000 	C:\WINDOWS\SYSTEM32\dhcpcsvc.DLL
0x00007ffb877c0000 - 0x00007ffb877ce000 	C:\Program Files\Java\jdk-11.0.7\bin\sunmscapi.dll
0x00007ffb8f890000 - 0x00007ffb8f9ed000 	C:\WINDOWS\System32\CRYPT32.dll
0x00007ffb8ead0000 - 0x00007ffb8eaf7000 	C:\WINDOWS\SYSTEM32\ncrypt.dll
0x00007ffb8ea90000 - 0x00007ffb8eacb000 	C:\WINDOWS\SYSTEM32\NTASN1.dll
0x00007ffb74b70000 - 0x00007ffb74b96000 	C:\Program Files\Java\jdk-11.0.7\bin\sunec.dll

dbghelp: loaded successfully - version: 4.0.5 - missing functions: none
symbol engine: initialized successfully - sym options: 0x614 - pdb path: .;C:\Program Files\Java\jdk-11.0.7\bin;C:\WINDOWS\SYSTEM32;C:\WINDOWS\WinSxS\amd64_microsoft.windows.common-controls_6595b64144ccf1df_6.0.19041.488_none_ca04af081b815d21;C:\Program Files\Diebold\Warsaw;C:\Program Files\Java\jdk-11.0.7\bin\server

VM Arguments:
jvm_args: -Dcom.sun.management.jmxremote -Dcom.sun.management.jmxremote.port=62919 -Dcom.sun.management.jmxremote.authenticate=false -Dcom.sun.management.jmxremote.ssl=false -Djava.rmi.server.hostname=localhost -Dspring.jmx.enabled=true -Dspring.application.admin.enabled=true -Xverify:none -XX:TieredStopAtLevel=1 -Dfile.encoding=UTF-8 
java_command: com.mcexpress.McexpressxApplication --spring.output.ansi.enabled=always
java_class_path (initial): C:\temp\ws-sts\glpvexpressx4\target\classes;C:\Users\eliseu\.m2\repository\org\springframework\boot\spring-boot-starter-web\2.1.6.RELEASE\spring-boot-starter-web-2.1.6.RELEASE.jar;C:\Users\eliseu\.m2\repository\org\springframework\boot\spring-boot-starter\2.1.6.RELEASE\spring-boot-starter-2.1.6.RELEASE.jar;C:\Users\eliseu\.m2\repository\org\springframework\boot\spring-boot-starter-logging\2.1.6.RELEASE\spring-boot-starter-logging-2.1.6.RELEASE.jar;C:\Users\eliseu\.m2\repository\ch\qos\logback\logback-classic\1.2.3\logback-classic-1.2.3.jar;C:\Users\eliseu\.m2\repository\ch\qos\logback\logback-core\1.2.3\logback-core-1.2.3.jar;C:\Users\eliseu\.m2\repository\org\apache\logging\log4j\log4j-to-slf4j\2.11.2\log4j-to-slf4j-2.11.2.jar;C:\Users\eliseu\.m2\repository\org\apache\logging\log4j\log4j-api\2.11.2\log4j-api-2.11.2.jar;C:\Users\eliseu\.m2\repository\org\slf4j\jul-to-slf4j\1.7.26\jul-to-slf4j-1.7.26.jar;C:\Users\eliseu\.m2\repository\javax\annotation\javax.annotation-api\1.3.2\javax.annotation-api-1.3.2.jar;C:\Users\eliseu\.m2\repository\org\yaml\snakeyaml\1.23\snakeyaml-1.23.jar;C:\Users\eliseu\.m2\repository\org\springframework\boot\spring-boot-starter-json\2.1.6.RELEASE\spring-boot-starter-json-2.1.6.RELEASE.jar;C:\Users\eliseu\.m2\repository\com\fasterxml\jackson\datatype\jackson-datatype-jdk8\2.9.9\jackson-datatype-jdk8-2.9.9.jar;C:\Users\eliseu\.m2\repository\com\fasterxml\jackson\datatype\jackson-datatype-jsr310\2.9.9\jackson-datatype-jsr310-2.9.9.jar;C:\Users\eliseu\.m2\repository\com\fasterxml\jackson\module\jackson-module-parameter-names\2.9.9\jackson-module-parameter-names-2.9.9.jar;C:\Users\eliseu\.m2\repository\org\springframework\boot\spring-boot-starter-tomcat\2.1.6.RELEASE\spring-boot-starter-tomcat-2.1.6.RELEASE.jar;C:\Users\eliseu\.m2\repository\org\apache\tomcat\embed\tomcat-embed-core\9.0.21\tomcat-embed-core-9.0.21.jar;C:\Users\eliseu\.m2\repository\org\apache\tomcat\embed\tomcat-embed-el\9.0.21\tomcat-embed-el-9.0.2
Launcher Type: SUN_STANDARD

[Global flags]
     bool BytecodeVerificationLocal                = false                                     {product} {command line}
     bool BytecodeVerificationRemote               = false                                     {product} {command line}
     intx CICompilerCount                          = 3                                         {product} {ergonomic}
     uint ConcGCThreads                            = 1                                         {product} {ergonomic}
     uint G1ConcRefinementThreads                  = 4                                         {product} {ergonomic}
   size_t G1HeapRegionSize                         = 1048576                                   {product} {ergonomic}
    uintx GCDrainStackTargetSize                   = 64                                        {product} {ergonomic}
   size_t InitialHeapSize                          = 134217728                                 {product} {ergonomic}
     bool ManagementServer                         = true                                      {product} {command line}
   size_t MarkStackSize                            = 4194304                                   {product} {ergonomic}
   size_t MaxHeapSize                              = 2122317824                                {product} {ergonomic}
   size_t MaxNewSize                               = 1272971264                                {product} {ergonomic}
   size_t MinHeapDeltaBytes                        = 1048576                                   {product} {ergonomic}
    uintx NonNMethodCodeHeapSize                   = 6973028                                {pd product} {ergonomic}
    uintx NonProfiledCodeHeapSize                  = 244685212                              {pd product} {ergonomic}
    uintx ProfiledCodeHeapSize                     = 0                                      {pd product} {ergonomic}
    uintx ReservedCodeCacheSize                    = 251658240                              {pd product} {ergonomic}
     bool SegmentedCodeCache                       = true                                      {product} {ergonomic}
     intx TieredStopAtLevel                        = 1                                         {product} {command line}
     bool UseCompressedClassPointers               = true                                 {lp64_product} {ergonomic}
     bool UseCompressedOops                        = true                                 {lp64_product} {ergonomic}
     bool UseG1GC                                  = true                                      {product} {ergonomic}
     bool UseLargePagesIndividualAllocation        = false                                  {pd product} {ergonomic}

Logging:
Log output configuration:
 #0: stdout all=warning uptime,level,tags
 #1: stderr all=off uptime,level,tags

Environment Variables:
JAVA_HOME=C:\Program Files\Java\jdk-11.0.7
PATH=C:/Program Files/Java/jdk-11.0.7/bin/server;C:/Program Files/Java/jdk-11.0.7/bin;C:\Program Files (x86)\Common Files\Intel\Shared Files\cpp\bin\Intel64;C:\Program Files\Java\jdk-11.0.7\bin;C:\oracle\product\10.2.0\client_5\bin;C:\oracle\product\10.2.0\client_4;C:\oracle\product\10.2.0\client_3;C:\oracle\product\10.2.0\client_2\bin;C:\oracle\product\10.2.0\client_1;C:\WINDOWS\system32;C:\WINDOWS;C:\WINDOWS\System32\Wbem;C:\WINDOWS\System32\WindowsPowerShell\v1.0\;C:\WINDOWS\System32\OpenSSH\;C:\Program Files\dotnet\;C:\xampp\mysql\bin;C:\Users\eliseu\AppData\Local\Android\Sdk\tools;C:\Users\eliseu\AppData\Local\Android\Sdk\tools\bin;C:\Users\eliseu\AppData\Local\Android\Sdk\platform-tools;C:\Gradle\gradle-5.5;C:\Program Files\Java\jdk-11.0.7;C:\Program Files\MySQL\MySQL Utilities 1.6\;C:\Program Files\Git\cmd;C:\Program Files\nodejs\;C:\maven\bin;C:\Program Files\PuTTY\;C:\Program Files\MySQL\MySQL Shell 8.0\bin\;C:\Users\eliseu\AppData\Local\Programs\Microsoft VS Code\bin;C:\Users\eliseu\AppData\Local\Microsoft\WindowsApps;C:\Program Files\heroku\bin;C:\Users\eliseu\AppData\Roaming\npm;;C:\sts-4.3.1.RELEASE;
USERNAME=eliseu
OS=Windows_NT
PROCESSOR_IDENTIFIER=Intel64 Family 6 Model 94 Stepping 3, GenuineIntel



---------------  S Y S T E M  ---------------

OS: Windows 10 , 64 bit Build 19041 (10.0.19041.292)

CPU:total 4 (initial active 4) (4 cores per cpu, 1 threads per core) family 6 model 94 stepping 3, cmov, cx8, fxsr, mmx, sse, sse2, sse3, ssse3, sse4.1, sse4.2, popcnt, avx, avx2, aes, clmul, erms, 3dnowpref, lzcnt, tsc, tscinvbit, bmi1, bmi2, adx, fma

Memory: 4k page, system-wide physical 8095M (655M free)
TotalPageFile size 14533M (AvailPageFile size 2792M)
current process WorkingSet (physical memory assigned to process): 306M, peak: 306M
current process commit charge ("private bytes"): 372M, peak: 372M

vm_info: Java HotSpot(TM) 64-Bit Server VM (11.0.7+8-LTS) for windows-amd64 JRE (11.0.7+8-LTS), built on Mar 12 2020 02:04:32 by "mach5one" with MS VC++ 15.5 (VS2017)

END.
